{"meta": {"format": 3, "version": "7.11.0", "timestamp": "2025-10-23T21:16:55.061294", "branch_coverage": false, "show_contexts": false}, "files": {"landlord/__init__.py": {"executed_lines": [2], "summary": {"covered_lines": 1, "num_statements": 1, "percent_covered": 100.0, "percent_covered_display": "100", "missing_lines": 0, "excluded_lines": 0}, "missing_lines": [], "excluded_lines": [], "functions": {"": {"executed_lines": [2], "summary": {"covered_lines": 1, "num_statements": 1, "percent_covered": 100.0, "percent_covered_display": "100", "missing_lines": 0, "excluded_lines": 0}, "missing_lines": [], "excluded_lines": []}}, "classes": {"": {"executed_lines": [2], "summary": {"covered_lines": 1, "num_statements": 1, "percent_covered": 100.0, "percent_covered_display": "100", "missing_lines": 0, "excluded_lines": 0}, "missing_lines": [], "excluded_lines": []}}}, "landlord/admin.py": {"executed_lines": [1, 3, 4, 5, 7, 10, 11, 12, 15, 16, 17, 20, 21, 22, 26, 27, 31, 32, 33, 43, 44, 46, 52, 53, 55, 63, 68, 69, 71, 79, 84, 85, 86, 87, 88, 89, 92, 93, 94, 95, 96, 97, 100, 101, 102, 103, 104, 107, 108, 109, 110, 111, 114, 115, 116, 117, 118, 125, 126, 127, 128, 130, 138, 140, 141, 142, 143, 144, 145, 147, 148, 168, 169, 175, 176, 177, 178, 181, 182, 183, 184, 185, 188, 189, 190, 191, 192, 195, 196, 197, 198, 199, 200, 203, 204, 205, 206, 207, 208, 209, 210, 232, 233, 234, 235, 236, 237, 238, 239, 240, 267, 270, 273, 274, 275, 276, 277, 278, 279, 280, 294, 295, 296, 297, 298, 299, 300, 301, 302, 325, 328, 335, 336, 337, 340, 350, 356, 362, 379, 382, 384, 390, 391, 392, 393, 403, 408, 413, 414, 415, 417, 433, 444, 445, 446, 447, 455, 456, 457, 459, 473, 476, 479, 480, 481, 482, 483, 484, 487, 488, 489, 490, 501, 507, 513, 514, 515, 516, 518, 537, 546, 549, 550, 551, 552, 561, 567, 573, 574, 576, 589, 592, 599, 600, 601, 603, 613, 619, 625, 631, 637, 676, 683, 685, 691, 695, 696, 697, 702, 709, 714, 720, 734, 735, 738, 740, 742, 744, 746, 748, 750], "summary": {"covered_lines": 210, "num_statements": 273, "percent_covered": 76.92307692307692, "percent_covered_display": "77", "missing_lines": 63, "excluded_lines": 0}, "missing_lines": [48, 49, 56, 58, 59, 60, 61, 64, 65, 72, 74, 75, 76, 77, 80, 81, 131, 132, 150, 151, 152, 153, 154, 155, 156, 157, 158, 159, 160, 161, 162, 163, 164, 165, 166, 170, 171, 172, 269, 327, 381, 386, 387, 435, 436, 437, 475, 539, 540, 541, 542, 543, 545, 591, 678, 679, 680, 681, 682, 687, 688, 689, 690], "excluded_lines": [], "functions": {"UtilityMeterInline.get_queryset": {"executed_lines": [], "summary": {"covered_lines": 0, "num_statements": 2, "percent_covered": 0.0, "percent_covered_display": "0", "missing_lines": 2, "excluded_lines": 0}, "missing_lines": [48, 49], "excluded_lines": []}, "PropertyUtilityMeterInline.get_formset": {"executed_lines": [], "summary": {"covered_lines": 0, "num_statements": 5, "percent_covered": 0.0, "percent_covered_display": "0", "missing_lines": 5, "excluded_lines": 0}, "missing_lines": [56, 58, 59, 60, 61], "excluded_lines": []}, "PropertyUtilityMeterInline.get_queryset": {"executed_lines": [], "summary": {"covered_lines": 0, "num_statements": 2, "percent_covered": 0.0, "percent_covered_display": "0", "missing_lines": 2, "excluded_lines": 0}, "missing_lines": [64, 65], "excluded_lines": []}, "UnitUtilityMeterInline.get_formset": {"executed_lines": [], "summary": {"covered_lines": 0, "num_statements": 5, "percent_covered": 0.0, "percent_covered_display": "0", "missing_lines": 5, "excluded_lines": 0}, "missing_lines": [72, 74, 75, 76, 77], "excluded_lines": []}, "UnitUtilityMeterInline.get_queryset": {"executed_lines": [], "summary": {"covered_lines": 0, "num_statements": 2, "percent_covered": 0.0, "percent_covered_display": "0", "missing_lines": 2, "excluded_lines": 0}, "missing_lines": [80, 81], "excluded_lines": []}, "IssueAdmin.ticket_no_copy": {"executed_lines": [], "summary": {"covered_lines": 0, "num_statements": 2, "percent_covered": 0.0, "percent_covered_display": "0", "missing_lines": 2, "excluded_lines": 0}, "missing_lines": [131, 132], "excluded_lines": []}, "IssueAdmin.mark_in_progress": {"executed_lines": [142, 143, 144, 145], "summary": {"covered_lines": 4, "num_statements": 4, "percent_covered": 100.0, "percent_covered_display": "100", "missing_lines": 0, "excluded_lines": 0}, "missing_lines": [], "excluded_lines": []}, "IssueAdmin.assign_vendor_krach": {"executed_lines": [], "summary": {"covered_lines": 0, "num_statements": 17, "percent_covered": 0.0, "percent_covered_display": "0", "missing_lines": 17, "excluded_lines": 0}, "missing_lines": [150, 151, 152, 153, 154, 155, 156, 157, 158, 159, 160, 161, 162, 163, 164, 165, 166], "excluded_lines": []}, "IssueAdmin.mark_waiting_tenant": {"executed_lines": [], "summary": {"covered_lines": 0, "num_statements": 3, "percent_covered": 0.0, "percent_covered_display": "0", "missing_lines": 3, "excluded_lines": 0}, "missing_lines": [170, 171, 172], "excluded_lines": []}, "ContractAdmin.total_rent": {"executed_lines": [], "summary": {"covered_lines": 0, "num_statements": 1, "percent_covered": 0.0, "percent_covered_display": "0", "missing_lines": 1, "excluded_lines": 0}, "missing_lines": [269], "excluded_lines": []}, "PaymentTransactionAdmin.is_overdue": {"executed_lines": [], "summary": {"covered_lines": 0, "num_statements": 1, "percent_covered": 0.0, "percent_covered_display": "0", "missing_lines": 1, "excluded_lines": 0}, "missing_lines": [327], "excluded_lines": []}, "UtilityMeterAdmin.get_scope_display": {"executed_lines": [], "summary": {"covered_lines": 0, "num_statements": 1, "percent_covered": 0.0, "percent_covered_display": "0", "missing_lines": 1, "excluded_lines": 0}, "missing_lines": [381], "excluded_lines": []}, "UtilityMeterAdmin.get_queryset": {"executed_lines": [], "summary": {"covered_lines": 0, "num_statements": 2, "percent_covered": 0.0, "percent_covered_display": "0", "missing_lines": 2, "excluded_lines": 0}, "missing_lines": [386, 387], "excluded_lines": []}, "UtilityReadingAdmin.save_model": {"executed_lines": [], "summary": {"covered_lines": 0, "num_statements": 3, "percent_covered": 0.0, "percent_covered_display": "0", "missing_lines": 3, "excluded_lines": 0}, "missing_lines": [435, 436, 437], "excluded_lines": []}, "ChecklistTemplateAdmin.item_count": {"executed_lines": [], "summary": {"covered_lines": 0, "num_statements": 1, "percent_covered": 0.0, "percent_covered_display": "0", "missing_lines": 1, "excluded_lines": 0}, "missing_lines": [475], "excluded_lines": []}, "ChecklistAdmin.completion_display": {"executed_lines": [], "summary": {"covered_lines": 0, "num_statements": 6, "percent_covered": 0.0, "percent_covered_display": "0", "missing_lines": 6, "excluded_lines": 0}, "missing_lines": [539, 540, 541, 542, 543, 545], "excluded_lines": []}, "ChecklistItemAdmin.has_photo": {"executed_lines": [], "summary": {"covered_lines": 0, "num_statements": 1, "percent_covered": 0.0, "percent_covered_display": "0", "missing_lines": 1, "excluded_lines": 0}, "missing_lines": [591], "excluded_lines": []}, "MaintenanceItemAdmin.location": {"executed_lines": [], "summary": {"covered_lines": 0, "num_statements": 5, "percent_covered": 0.0, "percent_covered_display": "0", "missing_lines": 5, "excluded_lines": 0}, "missing_lines": [678, 679, 680, 681, 682], "excluded_lines": []}, "MaintenanceItemAdmin.is_overdue_display": {"executed_lines": [], "summary": {"covered_lines": 0, "num_statements": 4, "percent_covered": 0.0, "percent_covered_display": "0", "missing_lines": 4, "excluded_lines": 0}, "missing_lines": [687, 688, 689, 690], "excluded_lines": []}, "AuditLogAdmin.has_add_permission": {"executed_lines": [742], "summary": {"covered_lines": 1, "num_statements": 1, "percent_covered": 100.0, "percent_covered_display": "100", "missing_lines": 0, "excluded_lines": 0}, "missing_lines": [], "excluded_lines": []}, "AuditLogAdmin.has_delete_permission": {"executed_lines": [746], "summary": {"covered_lines": 1, "num_statements": 1, "percent_covered": 100.0, "percent_covered_display": "100", "missing_lines": 0, "excluded_lines": 0}, "missing_lines": [], "excluded_lines": []}, "AuditLogAdmin.has_change_permission": {"executed_lines": [750], "summary": {"covered_lines": 1, "num_statements": 1, "percent_covered": 100.0, "percent_covered_display": "100", "missing_lines": 0, "excluded_lines": 0}, "missing_lines": [], "excluded_lines": []}, "": {"executed_lines": [1, 3, 4, 5, 7, 10, 11, 12, 15, 16, 17, 20, 21, 22, 26, 27, 31, 32, 33, 43, 44, 46, 52, 53, 55, 63, 68, 69, 71, 79, 84, 85, 86, 87, 88, 89, 92, 93, 94, 95, 96, 97, 100, 101, 102, 103, 104, 107, 108, 109, 110, 111, 114, 115, 116, 117, 118, 125, 126, 127, 128, 130, 138, 140, 141, 147, 148, 168, 169, 175, 176, 177, 178, 181, 182, 183, 184, 185, 188, 189, 190, 191, 192, 195, 196, 197, 198, 199, 200, 203, 204, 205, 206, 207, 208, 209, 210, 232, 233, 234, 235, 236, 237, 238, 239, 240, 267, 270, 273, 274, 275, 276, 277, 278, 279, 280, 294, 295, 296, 297, 298, 299, 300, 301, 302, 325, 328, 335, 336, 337, 340, 350, 356, 362, 379, 382, 384, 390, 391, 392, 393, 403, 408, 413, 414, 415, 417, 433, 444, 445, 446, 447, 455, 456, 457, 459, 473, 476, 479, 480, 481, 482, 483, 484, 487, 488, 489, 490, 501, 507, 513, 514, 515, 516, 518, 537, 546, 549, 550, 551, 552, 561, 567, 573, 574, 576, 589, 592, 599, 600, 601, 603, 613, 619, 625, 631, 637, 676, 683, 685, 691, 695, 696, 697, 702, 709, 714, 720, 734, 735, 738, 740, 744, 748], "summary": {"covered_lines": 203, "num_statements": 203, "percent_covered": 100.0, "percent_covered_display": "100", "missing_lines": 0, "excluded_lines": 0}, "missing_lines": [], "excluded_lines": []}}, "classes": {"IssueNoteInline": {"executed_lines": [], "summary": {"covered_lines": 0, "num_statements": 0, "percent_covered": 100.0, "percent_covered_display": "100", "missing_lines": 0, "excluded_lines": 0}, "missing_lines": [], "excluded_lines": []}, "IssueAttachmentInline": {"executed_lines": [], "summary": {"covered_lines": 0, "num_statements": 0, "percent_covered": 100.0, "percent_covered_display": "100", "missing_lines": 0, "excluded_lines": 0}, "missing_lines": [], "excluded_lines": []}, "AppointmentInline": {"executed_lines": [], "summary": {"covered_lines": 0, "num_statements": 0, "percent_covered": 100.0, "percent_covered_display": "100", "missing_lines": 0, "excluded_lines": 0}, "missing_lines": [], "excluded_lines": []}, "UtilityMeterInline": {"executed_lines": [], "summary": {"covered_lines": 0, "num_statements": 2, "percent_covered": 0.0, "percent_covered_display": "0", "missing_lines": 2, "excluded_lines": 0}, "missing_lines": [48, 49], "excluded_lines": []}, "PropertyUtilityMeterInline": {"executed_lines": [], "summary": {"covered_lines": 0, "num_statements": 7, "percent_covered": 0.0, "percent_covered_display": "0", "missing_lines": 7, "excluded_lines": 0}, "missing_lines": [56, 58, 59, 60, 61, 64, 65], "excluded_lines": []}, "UnitUtilityMeterInline": {"executed_lines": [], "summary": {"covered_lines": 0, "num_statements": 7, "percent_covered": 0.0, "percent_covered_display": "0", "missing_lines": 7, "excluded_lines": 0}, "missing_lines": [72, 74, 75, 76, 77, 80, 81], "excluded_lines": []}, "PropertyAdmin": {"executed_lines": [], "summary": {"covered_lines": 0, "num_statements": 0, "percent_covered": 100.0, "percent_covered_display": "100", "missing_lines": 0, "excluded_lines": 0}, "missing_lines": [], "excluded_lines": []}, "UnitAdmin": {"executed_lines": [], "summary": {"covered_lines": 0, "num_statements": 0, "percent_covered": 100.0, "percent_covered_display": "100", "missing_lines": 0, "excluded_lines": 0}, "missing_lines": [], "excluded_lines": []}, "TenantAdmin": {"executed_lines": [], "summary": {"covered_lines": 0, "num_statements": 0, "percent_covered": 100.0, "percent_covered_display": "100", "missing_lines": 0, "excluded_lines": 0}, "missing_lines": [], "excluded_lines": []}, "VendorAdmin": {"executed_lines": [], "summary": {"covered_lines": 0, "num_statements": 0, "percent_covered": 100.0, "percent_covered_display": "100", "missing_lines": 0, "excluded_lines": 0}, "missing_lines": [], "excluded_lines": []}, "IssueAdmin": {"executed_lines": [142, 143, 144, 145], "summary": {"covered_lines": 4, "num_statements": 26, "percent_covered": 15.384615384615385, "percent_covered_display": "15", "missing_lines": 22, "excluded_lines": 0}, "missing_lines": [131, 132, 150, 151, 152, 153, 154, 155, 156, 157, 158, 159, 160, 161, 162, 163, 164, 165, 166, 170, 171, 172], "excluded_lines": []}, "IssueAttachmentAdmin": {"executed_lines": [], "summary": {"covered_lines": 0, "num_statements": 0, "percent_covered": 100.0, "percent_covered_display": "100", "missing_lines": 0, "excluded_lines": 0}, "missing_lines": [], "excluded_lines": []}, "IssueNoteAdmin": {"executed_lines": [], "summary": {"covered_lines": 0, "num_statements": 0, "percent_covered": 100.0, "percent_covered_display": "100", "missing_lines": 0, "excluded_lines": 0}, "missing_lines": [], "excluded_lines": []}, "AppointmentAdmin": {"executed_lines": [], "summary": {"covered_lines": 0, "num_statements": 0, "percent_covered": 100.0, "percent_covered_display": "100", "missing_lines": 0, "excluded_lines": 0}, "missing_lines": [], "excluded_lines": []}, "VendorAttachmentAdmin": {"executed_lines": [], "summary": {"covered_lines": 0, "num_statements": 0, "percent_covered": 100.0, "percent_covered_display": "100", "missing_lines": 0, "excluded_lines": 0}, "missing_lines": [], "excluded_lines": []}, "DocumentAdmin": {"executed_lines": [], "summary": {"covered_lines": 0, "num_statements": 0, "percent_covered": 100.0, "percent_covered_display": "100", "missing_lines": 0, "excluded_lines": 0}, "missing_lines": [], "excluded_lines": []}, "ContractAdmin": {"executed_lines": [], "summary": {"covered_lines": 0, "num_statements": 1, "percent_covered": 0.0, "percent_covered_display": "0", "missing_lines": 1, "excluded_lines": 0}, "missing_lines": [269], "excluded_lines": []}, "DocumentVersionAdmin": {"executed_lines": [], "summary": {"covered_lines": 0, "num_statements": 0, "percent_covered": 100.0, "percent_covered_display": "100", "missing_lines": 0, "excluded_lines": 0}, "missing_lines": [], "excluded_lines": []}, "PaymentTransactionAdmin": {"executed_lines": [], "summary": {"covered_lines": 0, "num_statements": 1, "percent_covered": 0.0, "percent_covered_display": "0", "missing_lines": 1, "excluded_lines": 0}, "missing_lines": [327], "excluded_lines": []}, "UtilityMeterAdmin": {"executed_lines": [], "summary": {"covered_lines": 0, "num_statements": 3, "percent_covered": 0.0, "percent_covered_display": "0", "missing_lines": 3, "excluded_lines": 0}, "missing_lines": [381, 386, 387], "excluded_lines": []}, "UtilityReadingAdmin": {"executed_lines": [], "summary": {"covered_lines": 0, "num_statements": 3, "percent_covered": 0.0, "percent_covered_display": "0", "missing_lines": 3, "excluded_lines": 0}, "missing_lines": [435, 436, 437], "excluded_lines": []}, "ChecklistTemplateAdmin": {"executed_lines": [], "summary": {"covered_lines": 0, "num_statements": 1, "percent_covered": 0.0, "percent_covered_display": "0", "missing_lines": 1, "excluded_lines": 0}, "missing_lines": [475], "excluded_lines": []}, "ChecklistItemInline": {"executed_lines": [], "summary": {"covered_lines": 0, "num_statements": 0, "percent_covered": 100.0, "percent_covered_display": "100", "missing_lines": 0, "excluded_lines": 0}, "missing_lines": [], "excluded_lines": []}, "ChecklistAdmin": {"executed_lines": [], "summary": {"covered_lines": 0, "num_statements": 6, "percent_covered": 0.0, "percent_covered_display": "0", "missing_lines": 6, "excluded_lines": 0}, "missing_lines": [539, 540, 541, 542, 543, 545], "excluded_lines": []}, "ChecklistItemAdmin": {"executed_lines": [], "summary": {"covered_lines": 0, "num_statements": 1, "percent_covered": 0.0, "percent_covered_display": "0", "missing_lines": 1, "excluded_lines": 0}, "missing_lines": [591], "excluded_lines": []}, "MaintenanceItemAdmin": {"executed_lines": [], "summary": {"covered_lines": 0, "num_statements": 9, "percent_covered": 0.0, "percent_covered_display": "0", "missing_lines": 9, "excluded_lines": 0}, "missing_lines": [678, 679, 680, 681, 682, 687, 688, 689, 690], "excluded_lines": []}, "AuditLogAdmin": {"executed_lines": [742, 746, 750], "summary": {"covered_lines": 3, "num_statements": 3, "percent_covered": 100.0, "percent_covered_display": "100", "missing_lines": 0, "excluded_lines": 0}, "missing_lines": [], "excluded_lines": []}, "": {"executed_lines": [1, 3, 4, 5, 7, 10, 11, 12, 15, 16, 17, 20, 21, 22, 26, 27, 31, 32, 33, 43, 44, 46, 52, 53, 55, 63, 68, 69, 71, 79, 84, 85, 86, 87, 88, 89, 92, 93, 94, 95, 96, 97, 100, 101, 102, 103, 104, 107, 108, 109, 110, 111, 114, 115, 116, 117, 118, 125, 126, 127, 128, 130, 138, 140, 141, 147, 148, 168, 169, 175, 176, 177, 178, 181, 182, 183, 184, 185, 188, 189, 190, 191, 192, 195, 196, 197, 198, 199, 200, 203, 204, 205, 206, 207, 208, 209, 210, 232, 233, 234, 235, 236, 237, 238, 239, 240, 267, 270, 273, 274, 275, 276, 277, 278, 279, 280, 294, 295, 296, 297, 298, 299, 300, 301, 302, 325, 328, 335, 336, 337, 340, 350, 356, 362, 379, 382, 384, 390, 391, 392, 393, 403, 408, 413, 414, 415, 417, 433, 444, 445, 446, 447, 455, 456, 457, 459, 473, 476, 479, 480, 481, 482, 483, 484, 487, 488, 489, 490, 501, 507, 513, 514, 515, 516, 518, 537, 546, 549, 550, 551, 552, 561, 567, 573, 574, 576, 589, 592, 599, 600, 601, 603, 613, 619, 625, 631, 637, 676, 683, 685, 691, 695, 696, 697, 702, 709, 714, 720, 734, 735, 738, 740, 744, 748], "summary": {"covered_lines": 203, "num_statements": 203, "percent_covered": 100.0, "percent_covered_display": "100", "missing_lines": 0, "excluded_lines": 0}, "missing_lines": [], "excluded_lines": []}}}, "landlord/admin_views.py": {"executed_lines": [1, 3, 4, 5, 6, 8, 11, 12], "summary": {"covered_lines": 8, "num_statements": 16, "percent_covered": 50.0, "percent_covered_display": "50", "missing_lines": 8, "excluded_lines": 0}, "missing_lines": [13, 14, 16, 17, 24, 25, 32, 39], "excluded_lines": [], "functions": {"issue_report": {"executed_lines": [], "summary": {"covered_lines": 0, "num_statements": 8, "percent_covered": 0.0, "percent_covered_display": "0", "missing_lines": 8, "excluded_lines": 0}, "missing_lines": [13, 14, 16, 17, 24, 25, 32, 39], "excluded_lines": []}, "": {"executed_lines": [1, 3, 4, 5, 6, 8, 11, 12], "summary": {"covered_lines": 8, "num_statements": 8, "percent_covered": 100.0, "percent_covered_display": "100", "missing_lines": 0, "excluded_lines": 0}, "missing_lines": [], "excluded_lines": []}}, "classes": {"": {"executed_lines": [1, 3, 4, 5, 6, 8, 11, 12], "summary": {"covered_lines": 8, "num_statements": 16, "percent_covered": 50.0, "percent_covered_display": "50", "missing_lines": 8, "excluded_lines": 0}, "missing_lines": [13, 14, 16, 17, 24, 25, 32, 39], "excluded_lines": []}}}, "landlord/api/attachments.py": {"executed_lines": [1, 2, 3, 4, 5, 6, 8, 9, 10, 13, 14, 15, 17, 18, 19, 23, 24, 25, 27, 28, 29, 30, 31, 32, 33, 34, 37], "summary": {"covered_lines": 27, "num_statements": 30, "percent_covered": 90.0, "percent_covered_display": "90", "missing_lines": 3, "excluded_lines": 0}, "missing_lines": [20, 21, 35], "excluded_lines": [], "functions": {"IssueAttachmentsView.post": {"executed_lines": [18, 19, 23, 24, 25, 27, 28, 29, 30, 31, 32, 33, 34, 37], "summary": {"covered_lines": 14, "num_statements": 17, "percent_covered": 82.3529411764706, "percent_covered_display": "82", "missing_lines": 3, "excluded_lines": 0}, "missing_lines": [20, 21, 35], "excluded_lines": []}, "": {"executed_lines": [1, 2, 3, 4, 5, 6, 8, 9, 10, 13, 14, 15, 17], "summary": {"covered_lines": 13, "num_statements": 13, "percent_covered": 100.0, "percent_covered_display": "100", "missing_lines": 0, "excluded_lines": 0}, "missing_lines": [], "excluded_lines": []}}, "classes": {"IssueAttachmentsView": {"executed_lines": [18, 19, 23, 24, 25, 27, 28, 29, 30, 31, 32, 33, 34, 37], "summary": {"covered_lines": 14, "num_statements": 17, "percent_covered": 82.3529411764706, "percent_covered_display": "82", "missing_lines": 3, "excluded_lines": 0}, "missing_lines": [20, 21, 35], "excluded_lines": []}, "": {"executed_lines": [1, 2, 3, 4, 5, 6, 8, 9, 10, 13, 14, 15, 17], "summary": {"covered_lines": 13, "num_statements": 13, "percent_covered": 100.0, "percent_covered_display": "100", "missing_lines": 0, "excluded_lines": 0}, "missing_lines": [], "excluded_lines": []}}}, "landlord/api/issues.py": {"executed_lines": [1, 3, 5, 6, 7, 9, 11, 12, 13, 15, 16, 18, 20, 21, 22, 23, 25, 26, 27, 28, 30, 31, 32, 34, 35, 36, 37, 39, 42, 43, 44, 47, 48, 49, 51, 54, 55, 56, 57, 58, 65, 66, 67, 69, 72, 73, 74, 81, 82, 85, 86, 87, 88, 89, 90], "summary": {"covered_lines": 54, "num_statements": 67, "percent_covered": 80.59701492537313, "percent_covered_display": "81", "missing_lines": 13, "excluded_lines": 2}, "missing_lines": [40, 45, 50, 52, 59, 60, 61, 62, 63, 64, 68, 70, 83], "excluded_lines": [9, 10], "functions": {"IssuesAdminListView.get_queryset": {"executed_lines": [31, 32, 34, 35, 36, 37, 39, 42, 43, 44, 47, 48, 49, 51, 54, 55, 56, 65, 66, 67, 69, 72, 73, 74, 81, 82, 85, 86, 87, 88, 89, 90], "summary": {"covered_lines": 32, "num_statements": 39, "percent_covered": 82.05128205128206, "percent_covered_display": "82", "missing_lines": 7, "excluded_lines": 0}, "missing_lines": [40, 45, 50, 52, 68, 70, 83], "excluded_lines": []}, "IssuesAdminListView.get_queryset._parse_aware": {"executed_lines": [57, 58], "summary": {"covered_lines": 2, "num_statements": 8, "percent_covered": 25.0, "percent_covered_display": "25", "missing_lines": 6, "excluded_lines": 0}, "missing_lines": [59, 60, 61, 62, 63, 64], "excluded_lines": []}, "": {"executed_lines": [1, 3, 5, 6, 7, 9, 11, 12, 13, 15, 16, 18, 20, 21, 22, 23, 25, 26, 27, 28, 30], "summary": {"covered_lines": 20, "num_statements": 20, "percent_covered": 100.0, "percent_covered_display": "100", "missing_lines": 0, "excluded_lines": 2}, "missing_lines": [], "excluded_lines": [9, 10]}}, "classes": {"IssueAdminPagination": {"executed_lines": [], "summary": {"covered_lines": 0, "num_statements": 0, "percent_covered": 100.0, "percent_covered_display": "100", "missing_lines": 0, "excluded_lines": 0}, "missing_lines": [], "excluded_lines": []}, "IssuesAdminListView": {"executed_lines": [31, 32, 34, 35, 36, 37, 39, 42, 43, 44, 47, 48, 49, 51, 54, 55, 56, 57, 58, 65, 66, 67, 69, 72, 73, 74, 81, 82, 85, 86, 87, 88, 89, 90], "summary": {"covered_lines": 34, "num_statements": 47, "percent_covered": 72.34042553191489, "percent_covered_display": "72", "missing_lines": 13, "excluded_lines": 0}, "missing_lines": [40, 45, 50, 52, 59, 60, 61, 62, 63, 64, 68, 70, 83], "excluded_lines": []}, "": {"executed_lines": [1, 3, 5, 6, 7, 9, 11, 12, 13, 15, 16, 18, 20, 21, 22, 23, 25, 26, 27, 28, 30], "summary": {"covered_lines": 20, "num_statements": 20, "percent_covered": 100.0, "percent_covered_display": "100", "missing_lines": 0, "excluded_lines": 2}, "missing_lines": [], "excluded_lines": [9, 10]}}}, "landlord/api/issues_export.py": {"executed_lines": [1, 2, 3, 4, 6, 9, 10, 14, 21, 22, 24], "summary": {"covered_lines": 11, "num_statements": 41, "percent_covered": 26.829268292682926, "percent_covered_display": "27", "missing_lines": 30, "excluded_lines": 0}, "missing_lines": [11, 16, 17, 18, 25, 26, 28, 30, 31, 33, 34, 35, 36, 37, 38, 39, 41, 43, 44, 55, 56, 57, 58, 59, 60, 61, 73, 74, 75, 76], "excluded_lines": [], "functions": {"_Echo.write": {"executed_lines": [], "summary": {"covered_lines": 0, "num_statements": 1, "percent_covered": 0.0, "percent_covered_display": "0", "missing_lines": 1, "excluded_lines": 0}, "missing_lines": [11], "excluded_lines": []}, "_get_filtered_queryset": {"executed_lines": [], "summary": {"covered_lines": 0, "num_statements": 3, "percent_covered": 0.0, "percent_covered_display": "0", "missing_lines": 3, "excluded_lines": 0}, "missing_lines": [16, 17, 18], "excluded_lines": []}, "IssuesExportCsvView.get": {"executed_lines": [], "summary": {"covered_lines": 0, "num_statements": 11, "percent_covered": 0.0, "percent_covered_display": "0", "missing_lines": 11, "excluded_lines": 0}, "missing_lines": [25, 26, 28, 30, 31, 33, 41, 73, 74, 75, 76], "excluded_lines": []}, "IssuesExportCsvView.get._csv_safe": {"executed_lines": [], "summary": {"covered_lines": 0, "num_statements": 6, "percent_covered": 0.0, "percent_covered_display": "0", "missing_lines": 6, "excluded_lines": 0}, "missing_lines": [34, 35, 36, 37, 38, 39], "excluded_lines": []}, "IssuesExportCsvView.get.row_iter": {"executed_lines": [], "summary": {"covered_lines": 0, "num_statements": 9, "percent_covered": 0.0, "percent_covered_display": "0", "missing_lines": 9, "excluded_lines": 0}, "missing_lines": [43, 44, 55, 56, 57, 58, 59, 60, 61], "excluded_lines": []}, "": {"executed_lines": [1, 2, 3, 4, 6, 9, 10, 14, 21, 22, 24], "summary": {"covered_lines": 11, "num_statements": 11, "percent_covered": 100.0, "percent_covered_display": "100", "missing_lines": 0, "excluded_lines": 0}, "missing_lines": [], "excluded_lines": []}}, "classes": {"_Echo": {"executed_lines": [], "summary": {"covered_lines": 0, "num_statements": 1, "percent_covered": 0.0, "percent_covered_display": "0", "missing_lines": 1, "excluded_lines": 0}, "missing_lines": [11], "excluded_lines": []}, "IssuesExportCsvView": {"executed_lines": [], "summary": {"covered_lines": 0, "num_statements": 26, "percent_covered": 0.0, "percent_covered_display": "0", "missing_lines": 26, "excluded_lines": 0}, "missing_lines": [25, 26, 28, 30, 31, 33, 34, 35, 36, 37, 38, 39, 41, 43, 44, 55, 56, 57, 58, 59, 60, 61, 73, 74, 75, 76], "excluded_lines": []}, "": {"executed_lines": [1, 2, 3, 4, 6, 9, 10, 14, 21, 22, 24], "summary": {"covered_lines": 11, "num_statements": 14, "percent_covered": 78.57142857142857, "percent_covered_display": "79", "missing_lines": 3, "excluded_lines": 0}, "missing_lines": [16, 17, 18], "excluded_lines": []}}}, "landlord/api/meters.py": {"executed_lines": [1, 11, 13, 15, 16, 17, 19, 21, 28, 30, 31, 38, 39, 44, 45, 46, 48, 50, 51, 57, 58, 63, 64, 65, 67, 69, 70, 71, 73, 74, 77, 78, 81, 82, 91, 92, 97, 98, 99, 100, 101, 104, 105, 110, 111, 112, 113, 114, 116, 117, 120, 121, 122, 130, 133, 139, 140, 147, 148, 149, 150, 152, 154, 157, 182], "summary": {"covered_lines": 58, "num_statements": 67, "percent_covered": 86.56716417910448, "percent_covered_display": "87", "missing_lines": 9, "excluded_lines": 2}, "missing_lines": [134, 135, 136, 159, 165, 167, 168, 173, 175], "excluded_lines": [19, 20], "functions": {"PropertyMeterListAPIView.get_queryset": {"executed_lines": [50, 51], "summary": {"covered_lines": 2, "num_statements": 2, "percent_covered": 100.0, "percent_covered_display": "100", "missing_lines": 0, "excluded_lines": 0}, "missing_lines": [], "excluded_lines": []}, "PropertyMeterCreateAPIView.get_serializer_context": {"executed_lines": [69, 70, 71], "summary": {"covered_lines": 3, "num_statements": 3, "percent_covered": 100.0, "percent_covered_display": "100", "missing_lines": 0, "excluded_lines": 0}, "missing_lines": [], "excluded_lines": []}, "PropertyMeterCreateAPIView.perform_create": {"executed_lines": [77, 78, 81, 82], "summary": {"covered_lines": 4, "num_statements": 4, "percent_covered": 100.0, "percent_covered_display": "100", "missing_lines": 0, "excluded_lines": 0}, "missing_lines": [], "excluded_lines": []}, "PropertyMeterUpdateAPIView.perform_update": {"executed_lines": [120, 121, 122, 130, 133], "summary": {"covered_lines": 5, "num_statements": 8, "percent_covered": 62.5, "percent_covered_display": "62", "missing_lines": 3, "excluded_lines": 0}, "missing_lines": [134, 135, 136], "excluded_lines": []}, "PropertyMeterDeleteAPIView.perform_destroy": {"executed_lines": [154, 157, 182], "summary": {"covered_lines": 3, "num_statements": 9, "percent_covered": 33.333333333333336, "percent_covered_display": "33", "missing_lines": 6, "excluded_lines": 0}, "missing_lines": [159, 165, 167, 168, 173, 175], "excluded_lines": []}, "": {"executed_lines": [1, 11, 13, 15, 16, 17, 19, 21, 28, 30, 31, 38, 39, 44, 45, 46, 48, 57, 58, 63, 64, 65, 67, 73, 74, 91, 92, 97, 98, 99, 100, 101, 104, 105, 110, 111, 112, 113, 114, 116, 117, 139, 140, 147, 148, 149, 150, 152], "summary": {"covered_lines": 41, "num_statements": 41, "percent_covered": 100.0, "percent_covered_display": "100", "missing_lines": 0, "excluded_lines": 2}, "missing_lines": [], "excluded_lines": [19, 20]}}, "classes": {"PropertyMeterListAPIView": {"executed_lines": [50, 51], "summary": {"covered_lines": 2, "num_statements": 2, "percent_covered": 100.0, "percent_covered_display": "100", "missing_lines": 0, "excluded_lines": 0}, "missing_lines": [], "excluded_lines": []}, "PropertyMeterCreateAPIView": {"executed_lines": [69, 70, 71, 77, 78, 81, 82], "summary": {"covered_lines": 7, "num_statements": 7, "percent_covered": 100.0, "percent_covered_display": "100", "missing_lines": 0, "excluded_lines": 0}, "missing_lines": [], "excluded_lines": []}, "PropertyMeterDetailAPIView": {"executed_lines": [], "summary": {"covered_lines": 0, "num_statements": 0, "percent_covered": 100.0, "percent_covered_display": "100", "missing_lines": 0, "excluded_lines": 0}, "missing_lines": [], "excluded_lines": []}, "PropertyMeterUpdateAPIView": {"executed_lines": [120, 121, 122, 130, 133], "summary": {"covered_lines": 5, "num_statements": 8, "percent_covered": 62.5, "percent_covered_display": "62", "missing_lines": 3, "excluded_lines": 0}, "missing_lines": [134, 135, 136], "excluded_lines": []}, "PropertyMeterDeleteAPIView": {"executed_lines": [154, 157, 182], "summary": {"covered_lines": 3, "num_statements": 9, "percent_covered": 33.333333333333336, "percent_covered_display": "33", "missing_lines": 6, "excluded_lines": 0}, "missing_lines": [159, 165, 167, 168, 173, 175], "excluded_lines": []}, "": {"executed_lines": [1, 11, 13, 15, 16, 17, 19, 21, 28, 30, 31, 38, 39, 44, 45, 46, 48, 57, 58, 63, 64, 65, 67, 73, 74, 91, 92, 97, 98, 99, 100, 101, 104, 105, 110, 111, 112, 113, 114, 116, 117, 139, 140, 147, 148, 149, 150, 152], "summary": {"covered_lines": 41, "num_statements": 41, "percent_covered": 100.0, "percent_covered_display": "100", "missing_lines": 0, "excluded_lines": 2}, "missing_lines": [], "excluded_lines": [19, 20]}}}, "landlord/api/notes.py": {"executed_lines": [1, 3, 5, 6, 7, 9, 12, 13, 16, 17, 19, 27, 30, 35], "summary": {"covered_lines": 13, "num_statements": 26, "percent_covered": 50.0, "percent_covered_display": "50", "missing_lines": 13, "excluded_lines": 2}, "missing_lines": [20, 21, 22, 23, 24, 25, 28, 31, 32, 33, 36, 37, 38], "excluded_lines": [9, 10], "functions": {"IssueNotesView.get_queryset": {"executed_lines": [], "summary": {"covered_lines": 0, "num_statements": 6, "percent_covered": 0.0, "percent_covered_display": "0", "missing_lines": 6, "excluded_lines": 0}, "missing_lines": [20, 21, 22, 23, 24, 25], "excluded_lines": []}, "IssueNotesView.get_serializer_class": {"executed_lines": [], "summary": {"covered_lines": 0, "num_statements": 1, "percent_covered": 0.0, "percent_covered_display": "0", "missing_lines": 1, "excluded_lines": 0}, "missing_lines": [28], "excluded_lines": []}, "IssueNotesView.perform_create": {"executed_lines": [], "summary": {"covered_lines": 0, "num_statements": 3, "percent_covered": 0.0, "percent_covered_display": "0", "missing_lines": 3, "excluded_lines": 0}, "missing_lines": [31, 32, 33], "excluded_lines": []}, "IssueNotesView.create": {"executed_lines": [], "summary": {"covered_lines": 0, "num_statements": 3, "percent_covered": 0.0, "percent_covered_display": "0", "missing_lines": 3, "excluded_lines": 0}, "missing_lines": [36, 37, 38], "excluded_lines": []}, "": {"executed_lines": [1, 3, 5, 6, 7, 9, 12, 13, 16, 17, 19, 27, 30, 35], "summary": {"covered_lines": 13, "num_statements": 13, "percent_covered": 100.0, "percent_covered_display": "100", "missing_lines": 0, "excluded_lines": 2}, "missing_lines": [], "excluded_lines": [9, 10]}}, "classes": {"IssueNotesView": {"executed_lines": [], "summary": {"covered_lines": 0, "num_statements": 13, "percent_covered": 0.0, "percent_covered_display": "0", "missing_lines": 13, "excluded_lines": 0}, "missing_lines": [20, 21, 22, 23, 24, 25, 28, 31, 32, 33, 36, 37, 38], "excluded_lines": []}, "": {"executed_lines": [1, 3, 5, 6, 7, 9, 12, 13, 16, 17, 19, 27, 30, 35], "summary": {"covered_lines": 13, "num_statements": 13, "percent_covered": 100.0, "percent_covered_display": "100", "missing_lines": 0, "excluded_lines": 2}, "missing_lines": [], "excluded_lines": [9, 10]}}}, "landlord/api/properties.py": {"executed_lines": [1, 12, 14, 16, 17, 19, 21, 22, 29, 30, 31, 32, 34, 42, 43, 44, 47, 48, 49, 52, 53, 54, 55, 56, 59, 60, 76, 77, 78, 79, 81, 83, 84, 87, 88, 89, 90, 91, 95, 96, 97, 104, 105, 106, 108, 109, 112, 113, 114, 117, 120, 121, 124, 125, 129, 130, 132, 134, 137, 138, 143, 144, 145, 146, 147, 150, 151, 159, 160, 161, 162, 164, 166, 169, 170, 178, 179, 180, 181, 182, 184, 186, 189, 190, 197, 198, 199, 200, 202, 204, 207, 208, 215, 216, 217, 218, 219, 221, 223, 226, 227, 233, 236, 237, 240, 241, 248, 249, 250, 251, 252, 254, 256, 259, 260, 266, 267, 268, 269, 272, 273], "summary": {"covered_lines": 109, "num_statements": 111, "percent_covered": 98.1981981981982, "percent_covered_display": "98", "missing_lines": 2, "excluded_lines": 2}, "missing_lines": [110, 126], "excluded_lines": [19, 20], "functions": {"PropertyListAPIView.get_queryset": {"executed_lines": [83, 84, 87, 88, 89, 90, 91, 95, 96, 97, 104, 105, 106, 108, 109, 112, 113, 114, 117, 120, 121, 124, 125, 129, 130, 132, 134], "summary": {"covered_lines": 27, "num_statements": 29, "percent_covered": 93.10344827586206, "percent_covered_display": "93", "missing_lines": 2, "excluded_lines": 0}, "missing_lines": [110, 126], "excluded_lines": []}, "PropertyCreateAPIView.perform_create": {"executed_lines": [166], "summary": {"covered_lines": 1, "num_statements": 1, "percent_covered": 100.0, "percent_covered_display": "100", "missing_lines": 0, "excluded_lines": 0}, "missing_lines": [], "excluded_lines": []}, "PropertyUpdateAPIView.perform_update": {"executed_lines": [186], "summary": {"covered_lines": 1, "num_statements": 1, "percent_covered": 100.0, "percent_covered_display": "100", "missing_lines": 0, "excluded_lines": 0}, "missing_lines": [], "excluded_lines": []}, "PropertyDeleteAPIView.perform_destroy": {"executed_lines": [204], "summary": {"covered_lines": 1, "num_statements": 1, "percent_covered": 100.0, "percent_covered_display": "100", "missing_lines": 0, "excluded_lines": 0}, "missing_lines": [], "excluded_lines": []}, "PropertyArchiveAPIView.post": {"executed_lines": [223, 226, 227, 233, 236, 237], "summary": {"covered_lines": 6, "num_statements": 6, "percent_covered": 100.0, "percent_covered_display": "100", "missing_lines": 0, "excluded_lines": 0}, "missing_lines": [], "excluded_lines": []}, "PropertyUnarchiveAPIView.post": {"executed_lines": [256, 259, 260, 266, 267, 268, 269, 272, 273], "summary": {"covered_lines": 9, "num_statements": 9, "percent_covered": 100.0, "percent_covered_display": "100", "missing_lines": 0, "excluded_lines": 0}, "missing_lines": [], "excluded_lines": []}, "": {"executed_lines": [1, 12, 14, 16, 17, 19, 21, 22, 29, 30, 31, 32, 34, 42, 43, 44, 47, 48, 49, 52, 53, 54, 55, 56, 59, 60, 76, 77, 78, 79, 81, 137, 138, 143, 144, 145, 146, 147, 150, 151, 159, 160, 161, 162, 164, 169, 170, 178, 179, 180, 181, 182, 184, 189, 190, 197, 198, 199, 200, 202, 207, 208, 215, 216, 217, 218, 219, 221, 240, 241, 248, 249, 250, 251, 252, 254], "summary": {"covered_lines": 64, "num_statements": 64, "percent_covered": 100.0, "percent_covered_display": "100", "missing_lines": 0, "excluded_lines": 2}, "missing_lines": [], "excluded_lines": [19, 20]}}, "classes": {"PortalReadThrottle": {"executed_lines": [], "summary": {"covered_lines": 0, "num_statements": 0, "percent_covered": 100.0, "percent_covered_display": "100", "missing_lines": 0, "excluded_lines": 0}, "missing_lines": [], "excluded_lines": []}, "PortalWriteThrottle": {"executed_lines": [], "summary": {"covered_lines": 0, "num_statements": 0, "percent_covered": 100.0, "percent_covered_display": "100", "missing_lines": 0, "excluded_lines": 0}, "missing_lines": [], "excluded_lines": []}, "PropertyPagination": {"executed_lines": [], "summary": {"covered_lines": 0, "num_statements": 0, "percent_covered": 100.0, "percent_covered_display": "100", "missing_lines": 0, "excluded_lines": 0}, "missing_lines": [], "excluded_lines": []}, "PropertyListAPIView": {"executed_lines": [83, 84, 87, 88, 89, 90, 91, 95, 96, 97, 104, 105, 106, 108, 109, 112, 113, 114, 117, 120, 121, 124, 125, 129, 130, 132, 134], "summary": {"covered_lines": 27, "num_statements": 29, "percent_covered": 93.10344827586206, "percent_covered_display": "93", "missing_lines": 2, "excluded_lines": 0}, "missing_lines": [110, 126], "excluded_lines": []}, "PropertyDetailAPIView": {"executed_lines": [], "summary": {"covered_lines": 0, "num_statements": 0, "percent_covered": 100.0, "percent_covered_display": "100", "missing_lines": 0, "excluded_lines": 0}, "missing_lines": [], "excluded_lines": []}, "PropertyCreateAPIView": {"executed_lines": [166], "summary": {"covered_lines": 1, "num_statements": 1, "percent_covered": 100.0, "percent_covered_display": "100", "missing_lines": 0, "excluded_lines": 0}, "missing_lines": [], "excluded_lines": []}, "PropertyUpdateAPIView": {"executed_lines": [186], "summary": {"covered_lines": 1, "num_statements": 1, "percent_covered": 100.0, "percent_covered_display": "100", "missing_lines": 0, "excluded_lines": 0}, "missing_lines": [], "excluded_lines": []}, "PropertyDeleteAPIView": {"executed_lines": [204], "summary": {"covered_lines": 1, "num_statements": 1, "percent_covered": 100.0, "percent_covered_display": "100", "missing_lines": 0, "excluded_lines": 0}, "missing_lines": [], "excluded_lines": []}, "PropertyArchiveAPIView": {"executed_lines": [223, 226, 227, 233, 236, 237], "summary": {"covered_lines": 6, "num_statements": 6, "percent_covered": 100.0, "percent_covered_display": "100", "missing_lines": 0, "excluded_lines": 0}, "missing_lines": [], "excluded_lines": []}, "PropertyUnarchiveAPIView": {"executed_lines": [256, 259, 260, 266, 267, 268, 269, 272, 273], "summary": {"covered_lines": 9, "num_statements": 9, "percent_covered": 100.0, "percent_covered_display": "100", "missing_lines": 0, "excluded_lines": 0}, "missing_lines": [], "excluded_lines": []}, "": {"executed_lines": [1, 12, 14, 16, 17, 19, 21, 22, 29, 30, 31, 32, 34, 42, 43, 44, 47, 48, 49, 52, 53, 54, 55, 56, 59, 60, 76, 77, 78, 79, 81, 137, 138, 143, 144, 145, 146, 147, 150, 151, 159, 160, 161, 162, 164, 169, 170, 178, 179, 180, 181, 182, 184, 189, 190, 197, 198, 199, 200, 202, 207, 208, 215, 216, 217, 218, 219, 221, 240, 241, 248, 249, 250, 251, 252, 254], "summary": {"covered_lines": 64, "num_statements": 64, "percent_covered": 100.0, "percent_covered_display": "100", "missing_lines": 0, "excluded_lines": 2}, "missing_lines": [], "excluded_lines": [19, 20]}}}, "landlord/api/properties_serializers.py": {"executed_lines": [1, 5, 6, 9, 10, 12, 13, 15, 16, 17, 30, 33, 34, 36, 37, 39, 40, 41, 56, 59, 60, 62, 63, 64, 76, 81, 83, 85, 86, 87, 90, 98, 102, 106, 111, 114, 115, 117, 118, 119, 129, 130, 132, 133, 134, 136, 137, 138, 157, 160, 161, 163, 164, 165, 176, 178, 180, 181, 182, 187, 190, 191, 193, 194, 195, 206, 208, 210, 217], "summary": {"covered_lines": 61, "num_statements": 71, "percent_covered": 85.91549295774648, "percent_covered_display": "86", "missing_lines": 10, "excluded_lines": 0}, "missing_lines": [92, 93, 94, 99, 103, 107, 183, 211, 212, 213], "excluded_lines": [], "functions": {"UtilityMeterCreateSerializer.validate": {"executed_lines": [83, 85, 86, 87, 90, 98, 102, 106, 111], "summary": {"covered_lines": 9, "num_statements": 15, "percent_covered": 60.0, "percent_covered_display": "60", "missing_lines": 6, "excluded_lines": 0}, "missing_lines": [92, 93, 94, 99, 103, 107], "excluded_lines": []}, "PropertyCreateSerializer.validate": {"executed_lines": [178, 180, 181, 182, 187], "summary": {"covered_lines": 5, "num_statements": 6, "percent_covered": 83.33333333333333, "percent_covered_display": "83", "missing_lines": 1, "excluded_lines": 0}, "missing_lines": [183], "excluded_lines": []}, "PropertyUpdateSerializer.validate": {"executed_lines": [208, 210, 217], "summary": {"covered_lines": 3, "num_statements": 6, "percent_covered": 50.0, "percent_covered_display": "50", "missing_lines": 3, "excluded_lines": 0}, "missing_lines": [211, 212, 213], "excluded_lines": []}, "": {"executed_lines": [1, 5, 6, 9, 10, 12, 13, 15, 16, 17, 30, 33, 34, 36, 37, 39, 40, 41, 56, 59, 60, 62, 63, 64, 76, 81, 114, 115, 117, 118, 119, 129, 130, 132, 133, 134, 136, 137, 138, 157, 160, 161, 163, 164, 165, 176, 190, 191, 193, 194, 195, 206], "summary": {"covered_lines": 44, "num_statements": 44, "percent_covered": 100.0, "percent_covered_display": "100", "missing_lines": 0, "excluded_lines": 0}, "missing_lines": [], "excluded_lines": []}}, "classes": {"PropertyListSerializer": {"executed_lines": [], "summary": {"covered_lines": 0, "num_statements": 0, "percent_covered": 100.0, "percent_covered_display": "100", "missing_lines": 0, "excluded_lines": 0}, "missing_lines": [], "excluded_lines": []}, "PropertyListSerializer.Meta": {"executed_lines": [], "summary": {"covered_lines": 0, "num_statements": 0, "percent_covered": 100.0, "percent_covered_display": "100", "missing_lines": 0, "excluded_lines": 0}, "missing_lines": [], "excluded_lines": []}, "UtilityMeterSerializer": {"executed_lines": [], "summary": {"covered_lines": 0, "num_statements": 0, "percent_covered": 100.0, "percent_covered_display": "100", "missing_lines": 0, "excluded_lines": 0}, "missing_lines": [], "excluded_lines": []}, "UtilityMeterSerializer.Meta": {"executed_lines": [], "summary": {"covered_lines": 0, "num_statements": 0, "percent_covered": 100.0, "percent_covered_display": "100", "missing_lines": 0, "excluded_lines": 0}, "missing_lines": [], "excluded_lines": []}, "UtilityMeterCreateSerializer": {"executed_lines": [83, 85, 86, 87, 90, 98, 102, 106, 111], "summary": {"covered_lines": 9, "num_statements": 15, "percent_covered": 60.0, "percent_covered_display": "60", "missing_lines": 6, "excluded_lines": 0}, "missing_lines": [92, 93, 94, 99, 103, 107], "excluded_lines": []}, "UtilityMeterCreateSerializer.Meta": {"executed_lines": [], "summary": {"covered_lines": 0, "num_statements": 0, "percent_covered": 100.0, "percent_covered_display": "100", "missing_lines": 0, "excluded_lines": 0}, "missing_lines": [], "excluded_lines": []}, "UtilityMeterUpdateSerializer": {"executed_lines": [], "summary": {"covered_lines": 0, "num_statements": 0, "percent_covered": 100.0, "percent_covered_display": "100", "missing_lines": 0, "excluded_lines": 0}, "missing_lines": [], "excluded_lines": []}, "UtilityMeterUpdateSerializer.Meta": {"executed_lines": [], "summary": {"covered_lines": 0, "num_statements": 0, "percent_covered": 100.0, "percent_covered_display": "100", "missing_lines": 0, "excluded_lines": 0}, "missing_lines": [], "excluded_lines": []}, "PropertyDetailSerializer": {"executed_lines": [], "summary": {"covered_lines": 0, "num_statements": 0, "percent_covered": 100.0, "percent_covered_display": "100", "missing_lines": 0, "excluded_lines": 0}, "missing_lines": [], "excluded_lines": []}, "PropertyDetailSerializer.Meta": {"executed_lines": [], "summary": {"covered_lines": 0, "num_statements": 0, "percent_covered": 100.0, "percent_covered_display": "100", "missing_lines": 0, "excluded_lines": 0}, "missing_lines": [], "excluded_lines": []}, "PropertyCreateSerializer": {"executed_lines": [178, 180, 181, 182, 187], "summary": {"covered_lines": 5, "num_statements": 6, "percent_covered": 83.33333333333333, "percent_covered_display": "83", "missing_lines": 1, "excluded_lines": 0}, "missing_lines": [183], "excluded_lines": []}, "PropertyCreateSerializer.Meta": {"executed_lines": [], "summary": {"covered_lines": 0, "num_statements": 0, "percent_covered": 100.0, "percent_covered_display": "100", "missing_lines": 0, "excluded_lines": 0}, "missing_lines": [], "excluded_lines": []}, "PropertyUpdateSerializer": {"executed_lines": [208, 210, 217], "summary": {"covered_lines": 3, "num_statements": 6, "percent_covered": 50.0, "percent_covered_display": "50", "missing_lines": 3, "excluded_lines": 0}, "missing_lines": [211, 212, 213], "excluded_lines": []}, "PropertyUpdateSerializer.Meta": {"executed_lines": [], "summary": {"covered_lines": 0, "num_statements": 0, "percent_covered": 100.0, "percent_covered_display": "100", "missing_lines": 0, "excluded_lines": 0}, "missing_lines": [], "excluded_lines": []}, "": {"executed_lines": [1, 5, 6, 9, 10, 12, 13, 15, 16, 17, 30, 33, 34, 36, 37, 39, 40, 41, 56, 59, 60, 62, 63, 64, 76, 81, 114, 115, 117, 118, 119, 129, 130, 132, 133, 134, 136, 137, 138, 157, 160, 161, 163, 164, 165, 176, 190, 191, 193, 194, 195, 206], "summary": {"covered_lines": 44, "num_statements": 44, "percent_covered": 100.0, "percent_covered_display": "100", "missing_lines": 0, "excluded_lines": 0}, "missing_lines": [], "excluded_lines": []}}}, "landlord/api/tenants.py": {"executed_lines": [1, 2, 3, 4, 5, 6, 8, 10, 13, 30, 31, 33, 83, 84, 86, 87], "summary": {"covered_lines": 16, "num_statements": 59, "percent_covered": 27.11864406779661, "percent_covered_display": "27", "missing_lines": 43, "excluded_lines": 0}, "missing_lines": [14, 15, 16, 17, 18, 19, 20, 21, 34, 35, 40, 41, 43, 80, 88, 91, 92, 93, 94, 95, 96, 97, 98, 99, 101, 102, 103, 104, 106, 107, 108, 109, 110, 111, 112, 113, 115, 116, 119, 120, 121, 122, 128], "excluded_lines": [], "functions": {"_attachment_meta": {"executed_lines": [], "summary": {"covered_lines": 0, "num_statements": 8, "percent_covered": 0.0, "percent_covered_display": "0", "missing_lines": 8, "excluded_lines": 0}, "missing_lines": [14, 15, 16, 17, 18, 19, 20, 21], "excluded_lines": []}, "TenantExportView.get": {"executed_lines": [], "summary": {"covered_lines": 0, "num_statements": 6, "percent_covered": 0.0, "percent_covered_display": "0", "missing_lines": 6, "excluded_lines": 0}, "missing_lines": [34, 35, 40, 41, 43, 80], "excluded_lines": []}, "TenantEraseView.post": {"executed_lines": [], "summary": {"covered_lines": 0, "num_statements": 29, "percent_covered": 0.0, "percent_covered_display": "0", "missing_lines": 29, "excluded_lines": 0}, "missing_lines": [88, 91, 92, 93, 94, 95, 96, 97, 98, 99, 101, 102, 103, 104, 106, 107, 108, 109, 110, 111, 112, 113, 115, 116, 119, 120, 121, 122, 128], "excluded_lines": []}, "": {"executed_lines": [1, 2, 3, 4, 5, 6, 8, 10, 13, 30, 31, 33, 83, 84, 86, 87], "summary": {"covered_lines": 16, "num_statements": 16, "percent_covered": 100.0, "percent_covered_display": "100", "missing_lines": 0, "excluded_lines": 0}, "missing_lines": [], "excluded_lines": []}}, "classes": {"TenantExportView": {"executed_lines": [], "summary": {"covered_lines": 0, "num_statements": 6, "percent_covered": 0.0, "percent_covered_display": "0", "missing_lines": 6, "excluded_lines": 0}, "missing_lines": [34, 35, 40, 41, 43, 80], "excluded_lines": []}, "TenantEraseView": {"executed_lines": [], "summary": {"covered_lines": 0, "num_statements": 29, "percent_covered": 0.0, "percent_covered_display": "0", "missing_lines": 29, "excluded_lines": 0}, "missing_lines": [88, 91, 92, 93, 94, 95, 96, 97, 98, 99, 101, 102, 103, 104, 106, 107, 108, 109, 110, 111, 112, 113, 115, 116, 119, 120, 121, 122, 128], "excluded_lines": []}, "": {"executed_lines": [1, 2, 3, 4, 5, 6, 8, 10, 13, 30, 31, 33, 83, 84, 86, 87], "summary": {"covered_lines": 16, "num_statements": 24, "percent_covered": 66.66666666666667, "percent_covered_display": "67", "missing_lines": 8, "excluded_lines": 0}, "missing_lines": [14, 15, 16, 17, 18, 19, 20, 21], "excluded_lines": []}}}, "landlord/api/unit_meters.py": {"executed_lines": [1, 11, 13, 15, 16, 18, 20, 27, 29, 30, 37, 38, 43, 44, 45, 47, 56, 57, 62, 63, 64, 66, 72, 73, 89, 90, 95, 96, 97, 98, 99, 102, 103, 108, 109, 110, 111, 112, 114, 115, 136, 137, 144, 145, 146, 147, 149], "summary": {"covered_lines": 40, "num_statements": 67, "percent_covered": 59.701492537313435, "percent_covered_display": "60", "missing_lines": 27, "excluded_lines": 2}, "missing_lines": [49, 50, 68, 69, 70, 76, 77, 80, 81, 118, 119, 120, 127, 130, 131, 132, 133, 151, 154, 156, 163, 164, 165, 170, 172, 173, 180], "excluded_lines": [18, 19], "functions": {"UnitMeterListAPIView.get_queryset": {"executed_lines": [], "summary": {"covered_lines": 0, "num_statements": 2, "percent_covered": 0.0, "percent_covered_display": "0", "missing_lines": 2, "excluded_lines": 0}, "missing_lines": [49, 50], "excluded_lines": []}, "UnitMeterCreateAPIView.get_serializer_context": {"executed_lines": [], "summary": {"covered_lines": 0, "num_statements": 3, "percent_covered": 0.0, "percent_covered_display": "0", "missing_lines": 3, "excluded_lines": 0}, "missing_lines": [68, 69, 70], "excluded_lines": []}, "UnitMeterCreateAPIView.perform_create": {"executed_lines": [], "summary": {"covered_lines": 0, "num_statements": 4, "percent_covered": 0.0, "percent_covered_display": "0", "missing_lines": 4, "excluded_lines": 0}, "missing_lines": [76, 77, 80, 81], "excluded_lines": []}, "UnitMeterUpdateAPIView.perform_update": {"executed_lines": [], "summary": {"covered_lines": 0, "num_statements": 8, "percent_covered": 0.0, "percent_covered_display": "0", "missing_lines": 8, "excluded_lines": 0}, "missing_lines": [118, 119, 120, 127, 130, 131, 132, 133], "excluded_lines": []}, "UnitMeterDeleteAPIView.perform_destroy": {"executed_lines": [], "summary": {"covered_lines": 0, "num_statements": 10, "percent_covered": 0.0, "percent_covered_display": "0", "missing_lines": 10, "excluded_lines": 0}, "missing_lines": [151, 154, 156, 163, 164, 165, 170, 172, 173, 180], "excluded_lines": []}, "": {"executed_lines": [1, 11, 13, 15, 16, 18, 20, 27, 29, 30, 37, 38, 43, 44, 45, 47, 56, 57, 62, 63, 64, 66, 72, 73, 89, 90, 95, 96, 97, 98, 99, 102, 103, 108, 109, 110, 111, 112, 114, 115, 136, 137, 144, 145, 146, 147, 149], "summary": {"covered_lines": 40, "num_statements": 40, "percent_covered": 100.0, "percent_covered_display": "100", "missing_lines": 0, "excluded_lines": 2}, "missing_lines": [], "excluded_lines": [18, 19]}}, "classes": {"UnitMeterListAPIView": {"executed_lines": [], "summary": {"covered_lines": 0, "num_statements": 2, "percent_covered": 0.0, "percent_covered_display": "0", "missing_lines": 2, "excluded_lines": 0}, "missing_lines": [49, 50], "excluded_lines": []}, "UnitMeterCreateAPIView": {"executed_lines": [], "summary": {"covered_lines": 0, "num_statements": 7, "percent_covered": 0.0, "percent_covered_display": "0", "missing_lines": 7, "excluded_lines": 0}, "missing_lines": [68, 69, 70, 76, 77, 80, 81], "excluded_lines": []}, "UnitMeterDetailAPIView": {"executed_lines": [], "summary": {"covered_lines": 0, "num_statements": 0, "percent_covered": 100.0, "percent_covered_display": "100", "missing_lines": 0, "excluded_lines": 0}, "missing_lines": [], "excluded_lines": []}, "UnitMeterUpdateAPIView": {"executed_lines": [], "summary": {"covered_lines": 0, "num_statements": 8, "percent_covered": 0.0, "percent_covered_display": "0", "missing_lines": 8, "excluded_lines": 0}, "missing_lines": [118, 119, 120, 127, 130, 131, 132, 133], "excluded_lines": []}, "UnitMeterDeleteAPIView": {"executed_lines": [], "summary": {"covered_lines": 0, "num_statements": 10, "percent_covered": 0.0, "percent_covered_display": "0", "missing_lines": 10, "excluded_lines": 0}, "missing_lines": [151, 154, 156, 163, 164, 165, 170, 172, 173, 180], "excluded_lines": []}, "": {"executed_lines": [1, 11, 13, 15, 16, 18, 20, 27, 29, 30, 37, 38, 43, 44, 45, 47, 56, 57, 62, 63, 64, 66, 72, 73, 89, 90, 95, 96, 97, 98, 99, 102, 103, 108, 109, 110, 111, 112, 114, 115, 136, 137, 144, 145, 146, 147, 149], "summary": {"covered_lines": 40, "num_statements": 40, "percent_covered": 100.0, "percent_covered_display": "100", "missing_lines": 0, "excluded_lines": 2}, "missing_lines": [], "excluded_lines": [18, 19]}}}, "landlord/api/units.py": {"executed_lines": [1, 12, 14, 16, 17, 19, 21, 22, 29, 30, 31, 32, 34, 42, 43, 44, 47, 48, 49, 52, 53, 54, 55, 56, 59, 60, 75, 76, 77, 78, 80, 82, 83, 86, 87, 89, 90, 93, 94, 95, 102, 103, 104, 105, 110, 111, 112, 113, 114, 117, 120, 121, 124, 125, 129, 132, 134, 137, 138, 143, 144, 145, 146, 147, 150, 151, 159, 160, 161, 163, 165, 168, 169, 176, 177, 178, 179, 180, 183, 184, 191, 192, 193, 194, 196, 198, 201, 203, 206, 207, 209, 213, 216, 217, 227, 230, 231, 236, 237, 238, 239, 240, 242, 244, 246, 247, 253, 255, 265, 266, 271, 272, 273, 274, 275, 277, 279, 281, 288, 289, 299, 300, 301, 302, 304], "summary": {"covered_lines": 113, "num_statements": 122, "percent_covered": 92.62295081967213, "percent_covered_display": "93", "missing_lines": 9, "excluded_lines": 2}, "missing_lines": [88, 106, 107, 126, 130, 204, 210, 214, 282], "excluded_lines": [19, 20], "functions": {"UnitListAPIView.get_queryset": {"executed_lines": [82, 83, 86, 87, 89, 90, 93, 94, 95, 102, 103, 104, 105, 110, 111, 112, 113, 114, 117, 120, 121, 124, 125, 129, 132, 134], "summary": {"covered_lines": 26, "num_statements": 31, "percent_covered": 83.87096774193549, "percent_covered_display": "84", "missing_lines": 5, "excluded_lines": 0}, "missing_lines": [88, 106, 107, 126, 130], "excluded_lines": []}, "UnitCreateAPIView.perform_create": {"executed_lines": [165], "summary": {"covered_lines": 1, "num_statements": 1, "percent_covered": 100.0, "percent_covered_display": "100", "missing_lines": 0, "excluded_lines": 0}, "missing_lines": [], "excluded_lines": []}, "UnitDeleteAPIView.destroy": {"executed_lines": [198, 201, 203, 206, 207, 209, 213, 216, 217, 227], "summary": {"covered_lines": 10, "num_statements": 13, "percent_covered": 76.92307692307692, "percent_covered_display": "77", "missing_lines": 3, "excluded_lines": 0}, "missing_lines": [204, 210, 214], "excluded_lines": []}, "UnitArchiveAPIView.post": {"executed_lines": [244, 246, 247, 253, 255], "summary": {"covered_lines": 5, "num_statements": 5, "percent_covered": 100.0, "percent_covered_display": "100", "missing_lines": 0, "excluded_lines": 0}, "missing_lines": [], "excluded_lines": []}, "UnitUnarchiveAPIView.post": {"executed_lines": [279, 281, 288, 289, 299, 300, 301, 302, 304], "summary": {"covered_lines": 9, "num_statements": 10, "percent_covered": 90.0, "percent_covered_display": "90", "missing_lines": 1, "excluded_lines": 0}, "missing_lines": [282], "excluded_lines": []}, "": {"executed_lines": [1, 12, 14, 16, 17, 19, 21, 22, 29, 30, 31, 32, 34, 42, 43, 44, 47, 48, 49, 52, 53, 54, 55, 56, 59, 60, 75, 76, 77, 78, 80, 137, 138, 143, 144, 145, 146, 147, 150, 151, 159, 160, 161, 163, 168, 169, 176, 177, 178, 179, 180, 183, 184, 191, 192, 193, 194, 196, 230, 231, 236, 237, 238, 239, 240, 242, 265, 266, 271, 272, 273, 274, 275, 277], "summary": {"covered_lines": 62, "num_statements": 62, "percent_covered": 100.0, "percent_covered_display": "100", "missing_lines": 0, "excluded_lines": 2}, "missing_lines": [], "excluded_lines": [19, 20]}}, "classes": {"PortalReadThrottle": {"executed_lines": [], "summary": {"covered_lines": 0, "num_statements": 0, "percent_covered": 100.0, "percent_covered_display": "100", "missing_lines": 0, "excluded_lines": 0}, "missing_lines": [], "excluded_lines": []}, "PortalWriteThrottle": {"executed_lines": [], "summary": {"covered_lines": 0, "num_statements": 0, "percent_covered": 100.0, "percent_covered_display": "100", "missing_lines": 0, "excluded_lines": 0}, "missing_lines": [], "excluded_lines": []}, "UnitPagination": {"executed_lines": [], "summary": {"covered_lines": 0, "num_statements": 0, "percent_covered": 100.0, "percent_covered_display": "100", "missing_lines": 0, "excluded_lines": 0}, "missing_lines": [], "excluded_lines": []}, "UnitListAPIView": {"executed_lines": [82, 83, 86, 87, 89, 90, 93, 94, 95, 102, 103, 104, 105, 110, 111, 112, 113, 114, 117, 120, 121, 124, 125, 129, 132, 134], "summary": {"covered_lines": 26, "num_statements": 31, "percent_covered": 83.87096774193549, "percent_covered_display": "84", "missing_lines": 5, "excluded_lines": 0}, "missing_lines": [88, 106, 107, 126, 130], "excluded_lines": []}, "UnitDetailAPIView": {"executed_lines": [], "summary": {"covered_lines": 0, "num_statements": 0, "percent_covered": 100.0, "percent_covered_display": "100", "missing_lines": 0, "excluded_lines": 0}, "missing_lines": [], "excluded_lines": []}, "UnitCreateAPIView": {"executed_lines": [165], "summary": {"covered_lines": 1, "num_statements": 1, "percent_covered": 100.0, "percent_covered_display": "100", "missing_lines": 0, "excluded_lines": 0}, "missing_lines": [], "excluded_lines": []}, "UnitUpdateAPIView": {"executed_lines": [], "summary": {"covered_lines": 0, "num_statements": 0, "percent_covered": 100.0, "percent_covered_display": "100", "missing_lines": 0, "excluded_lines": 0}, "missing_lines": [], "excluded_lines": []}, "UnitDeleteAPIView": {"executed_lines": [198, 201, 203, 206, 207, 209, 213, 216, 217, 227], "summary": {"covered_lines": 10, "num_statements": 13, "percent_covered": 76.92307692307692, "percent_covered_display": "77", "missing_lines": 3, "excluded_lines": 0}, "missing_lines": [204, 210, 214], "excluded_lines": []}, "UnitArchiveAPIView": {"executed_lines": [244, 246, 247, 253, 255], "summary": {"covered_lines": 5, "num_statements": 5, "percent_covered": 100.0, "percent_covered_display": "100", "missing_lines": 0, "excluded_lines": 0}, "missing_lines": [], "excluded_lines": []}, "UnitUnarchiveAPIView": {"executed_lines": [279, 281, 288, 289, 299, 300, 301, 302, 304], "summary": {"covered_lines": 9, "num_statements": 10, "percent_covered": 90.0, "percent_covered_display": "90", "missing_lines": 1, "excluded_lines": 0}, "missing_lines": [282], "excluded_lines": []}, "": {"executed_lines": [1, 12, 14, 16, 17, 19, 21, 22, 29, 30, 31, 32, 34, 42, 43, 44, 47, 48, 49, 52, 53, 54, 55, 56, 59, 60, 75, 76, 77, 78, 80, 137, 138, 143, 144, 145, 146, 147, 150, 151, 159, 160, 161, 163, 168, 169, 176, 177, 178, 179, 180, 183, 184, 191, 192, 193, 194, 196, 230, 231, 236, 237, 238, 239, 240, 242, 265, 266, 271, 272, 273, 274, 275, 277], "summary": {"covered_lines": 62, "num_statements": 62, "percent_covered": 100.0, "percent_covered_display": "100", "missing_lines": 0, "excluded_lines": 2}, "missing_lines": [], "excluded_lines": [19, 20]}}}, "landlord/api/units_serializers.py": {"executed_lines": [1, 5, 6, 9, 10, 12, 13, 14, 16, 17, 18, 32, 35, 36, 38, 39, 40, 42, 43, 44, 61, 63, 65, 66, 67, 70, 71, 73, 74, 75, 85, 87, 88, 91, 94, 95, 97, 98, 99, 109], "summary": {"covered_lines": 35, "num_statements": 38, "percent_covered": 92.10526315789474, "percent_covered_display": "92", "missing_lines": 3, "excluded_lines": 0}, "missing_lines": [111, 112, 115], "excluded_lines": [], "functions": {"UnitDetailSerializer.get_meters": {"executed_lines": [65, 66, 67], "summary": {"covered_lines": 3, "num_statements": 3, "percent_covered": 100.0, "percent_covered_display": "100", "missing_lines": 0, "excluded_lines": 0}, "missing_lines": [], "excluded_lines": []}, "UnitCreateSerializer.validate_property": {"executed_lines": [87, 88, 91], "summary": {"covered_lines": 3, "num_statements": 3, "percent_covered": 100.0, "percent_covered_display": "100", "missing_lines": 0, "excluded_lines": 0}, "missing_lines": [], "excluded_lines": []}, "UnitUpdateSerializer.validate_property": {"executed_lines": [], "summary": {"covered_lines": 0, "num_statements": 3, "percent_covered": 0.0, "percent_covered_display": "0", "missing_lines": 3, "excluded_lines": 0}, "missing_lines": [111, 112, 115], "excluded_lines": []}, "": {"executed_lines": [1, 5, 6, 9, 10, 12, 13, 14, 16, 17, 18, 32, 35, 36, 38, 39, 40, 42, 43, 44, 61, 63, 70, 71, 73, 74, 75, 85, 94, 95, 97, 98, 99, 109], "summary": {"covered_lines": 29, "num_statements": 29, "percent_covered": 100.0, "percent_covered_display": "100", "missing_lines": 0, "excluded_lines": 0}, "missing_lines": [], "excluded_lines": []}}, "classes": {"UnitListSerializer": {"executed_lines": [], "summary": {"covered_lines": 0, "num_statements": 0, "percent_covered": 100.0, "percent_covered_display": "100", "missing_lines": 0, "excluded_lines": 0}, "missing_lines": [], "excluded_lines": []}, "UnitListSerializer.Meta": {"executed_lines": [], "summary": {"covered_lines": 0, "num_statements": 0, "percent_covered": 100.0, "percent_covered_display": "100", "missing_lines": 0, "excluded_lines": 0}, "missing_lines": [], "excluded_lines": []}, "UnitDetailSerializer": {"executed_lines": [65, 66, 67], "summary": {"covered_lines": 3, "num_statements": 3, "percent_covered": 100.0, "percent_covered_display": "100", "missing_lines": 0, "excluded_lines": 0}, "missing_lines": [], "excluded_lines": []}, "UnitDetailSerializer.Meta": {"executed_lines": [], "summary": {"covered_lines": 0, "num_statements": 0, "percent_covered": 100.0, "percent_covered_display": "100", "missing_lines": 0, "excluded_lines": 0}, "missing_lines": [], "excluded_lines": []}, "UnitCreateSerializer": {"executed_lines": [87, 88, 91], "summary": {"covered_lines": 3, "num_statements": 3, "percent_covered": 100.0, "percent_covered_display": "100", "missing_lines": 0, "excluded_lines": 0}, "missing_lines": [], "excluded_lines": []}, "UnitCreateSerializer.Meta": {"executed_lines": [], "summary": {"covered_lines": 0, "num_statements": 0, "percent_covered": 100.0, "percent_covered_display": "100", "missing_lines": 0, "excluded_lines": 0}, "missing_lines": [], "excluded_lines": []}, "UnitUpdateSerializer": {"executed_lines": [], "summary": {"covered_lines": 0, "num_statements": 3, "percent_covered": 0.0, "percent_covered_display": "0", "missing_lines": 3, "excluded_lines": 0}, "missing_lines": [111, 112, 115], "excluded_lines": []}, "UnitUpdateSerializer.Meta": {"executed_lines": [], "summary": {"covered_lines": 0, "num_statements": 0, "percent_covered": 100.0, "percent_covered_display": "100", "missing_lines": 0, "excluded_lines": 0}, "missing_lines": [], "excluded_lines": []}, "": {"executed_lines": [1, 5, 6, 9, 10, 12, 13, 14, 16, 17, 18, 32, 35, 36, 38, 39, 40, 42, 43, 44, 61, 63, 70, 71, 73, 74, 75, 85, 94, 95, 97, 98, 99, 109], "summary": {"covered_lines": 29, "num_statements": 29, "percent_covered": 100.0, "percent_covered_display": "100", "missing_lines": 0, "excluded_lines": 0}, "missing_lines": [], "excluded_lines": []}}}, "landlord/api/urls.py": {"executed_lines": [1, 3, 4, 5, 6, 13, 14, 23, 24, 31, 41], "summary": {"covered_lines": 11, "num_statements": 11, "percent_covered": 100.0, "percent_covered_display": "100", "missing_lines": 0, "excluded_lines": 0}, "missing_lines": [], "excluded_lines": [], "functions": {"": {"executed_lines": [1, 3, 4, 5, 6, 13, 14, 23, 24, 31, 41], "summary": {"covered_lines": 11, "num_statements": 11, "percent_covered": 100.0, "percent_covered_display": "100", "missing_lines": 0, "excluded_lines": 0}, "missing_lines": [], "excluded_lines": []}}, "classes": {"": {"executed_lines": [1, 3, 4, 5, 6, 13, 14, 23, 24, 31, 41], "summary": {"covered_lines": 11, "num_statements": 11, "percent_covered": 100.0, "percent_covered_display": "100", "missing_lines": 0, "excluded_lines": 0}, "missing_lines": [], "excluded_lines": []}}}, "landlord/apps.py": {"executed_lines": [1, 4, 5, 6, 7, 9, 10], "summary": {"covered_lines": 7, "num_statements": 7, "percent_covered": 100.0, "percent_covered_display": "100", "missing_lines": 0, "excluded_lines": 0}, "missing_lines": [], "excluded_lines": [], "functions": {"LandlordConfig.ready": {"executed_lines": [10], "summary": {"covered_lines": 1, "num_statements": 1, "percent_covered": 100.0, "percent_covered_display": "100", "missing_lines": 0, "excluded_lines": 0}, "missing_lines": [], "excluded_lines": []}, "": {"executed_lines": [1, 4, 5, 6, 7, 9], "summary": {"covered_lines": 6, "num_statements": 6, "percent_covered": 100.0, "percent_covered_display": "100", "missing_lines": 0, "excluded_lines": 0}, "missing_lines": [], "excluded_lines": []}}, "classes": {"LandlordConfig": {"executed_lines": [10], "summary": {"covered_lines": 1, "num_statements": 1, "percent_covered": 100.0, "percent_covered_display": "100", "missing_lines": 0, "excluded_lines": 0}, "missing_lines": [], "excluded_lines": []}, "": {"executed_lines": [1, 4, 5, 6, 7, 9], "summary": {"covered_lines": 6, "num_statements": 6, "percent_covered": 100.0, "percent_covered_display": "100", "missing_lines": 0, "excluded_lines": 0}, "missing_lines": [], "excluded_lines": []}}}, "landlord/auth.py": {"executed_lines": [1, 4, 6, 7, 10, 24, 28, 29, 30], "summary": {"covered_lines": 8, "num_statements": 20, "percent_covered": 40.0, "percent_covered_display": "40", "missing_lines": 12, "excluded_lines": 0}, "missing_lines": [15, 16, 17, 19, 20, 21, 32, 33, 34, 35, 37, 38], "excluded_lines": [], "functions": {"tenant_login_required": {"executed_lines": [], "summary": {"covered_lines": 0, "num_statements": 3, "percent_covered": 0.0, "percent_covered_display": "0", "missing_lines": 3, "excluded_lines": 0}, "missing_lines": [15, 16, 21], "excluded_lines": []}, "tenant_login_required.wrapper": {"executed_lines": [], "summary": {"covered_lines": 0, "num_statements": 3, "percent_covered": 0.0, "percent_covered_display": "0", "missing_lines": 3, "excluded_lines": 0}, "missing_lines": [17, 19, 20], "excluded_lines": []}, "get_tenant_from_session": {"executed_lines": [28, 29, 30], "summary": {"covered_lines": 3, "num_statements": 9, "percent_covered": 33.333333333333336, "percent_covered_display": "33", "missing_lines": 6, "excluded_lines": 0}, "missing_lines": [32, 33, 34, 35, 37, 38], "excluded_lines": []}, "": {"executed_lines": [1, 4, 6, 7, 10, 24], "summary": {"covered_lines": 5, "num_statements": 5, "percent_covered": 100.0, "percent_covered_display": "100", "missing_lines": 0, "excluded_lines": 0}, "missing_lines": [], "excluded_lines": []}}, "classes": {"": {"executed_lines": [1, 4, 6, 7, 10, 24, 28, 29, 30], "summary": {"covered_lines": 8, "num_statements": 20, "percent_covered": 40.0, "percent_covered_display": "40", "missing_lines": 12, "excluded_lines": 0}, "missing_lines": [15, 16, 17, 19, 20, 21, 32, 33, 34, 35, 37, 38], "excluded_lines": []}}}, "landlord/fsm.py": {"executed_lines": [1, 3, 4, 6, 9, 10, 11, 23, 36, 52, 53, 56, 57, 58, 64, 65, 66, 67, 73, 75, 79], "summary": {"covered_lines": 20, "num_statements": 21, "percent_covered": 95.23809523809524, "percent_covered_display": "95", "missing_lines": 1, "excluded_lines": 0}, "missing_lines": [76], "excluded_lines": [], "functions": {"ChatFSM.next": {"executed_lines": [52, 53, 56, 57, 58, 64, 65, 66, 67, 73, 75, 79], "summary": {"covered_lines": 12, "num_statements": 13, "percent_covered": 92.3076923076923, "percent_covered_display": "92", "missing_lines": 1, "excluded_lines": 0}, "missing_lines": [76], "excluded_lines": []}, "": {"executed_lines": [1, 3, 4, 6, 9, 10, 11, 23, 36], "summary": {"covered_lines": 8, "num_statements": 8, "percent_covered": 100.0, "percent_covered_display": "100", "missing_lines": 0, "excluded_lines": 0}, "missing_lines": [], "excluded_lines": []}}, "classes": {"ChatFSM": {"executed_lines": [52, 53, 56, 57, 58, 64, 65, 66, 67, 73, 75, 79], "summary": {"covered_lines": 12, "num_statements": 13, "percent_covered": 92.3076923076923, "percent_covered_display": "92", "missing_lines": 1, "excluded_lines": 0}, "missing_lines": [76], "excluded_lines": []}, "": {"executed_lines": [1, 3, 4, 6, 9, 10, 11, 23, 36], "summary": {"covered_lines": 8, "num_statements": 8, "percent_covered": 100.0, "percent_covered_display": "100", "missing_lines": 0, "excluded_lines": 0}, "missing_lines": [], "excluded_lines": []}}}, "landlord/fsm_handlers.py": {"executed_lines": [1, 11, 13, 15, 18, 25, 27, 28, 29, 30, 31, 32, 33, 34, 36, 39, 46, 47, 49, 51, 53, 54, 55, 56, 58, 66, 74, 81, 82, 85, 86, 87, 90, 91, 94, 95, 103, 104, 105, 107, 108, 109, 110, 112, 120, 126, 127, 129, 130, 131, 134, 135, 136, 138, 140, 148, 154, 155, 157, 158, 159, 160, 161, 163, 165, 173, 179, 180, 182, 183, 184, 187, 188, 189, 190, 191, 193, 195, 203, 209, 210, 212, 220, 224, 225, 227, 228, 229, 231, 239, 243, 244, 246, 254, 258, 259, 261, 269, 273, 277], "summary": {"covered_lines": 99, "num_statements": 101, "percent_covered": 98.01980198019803, "percent_covered_display": "98", "missing_lines": 2, "excluded_lines": 0}, "missing_lines": [88, 92], "excluded_lines": [], "functions": {"_detect_category": {"executed_lines": [25, 27, 28, 29, 30, 31, 32, 33, 34, 36], "summary": {"covered_lines": 10, "num_statements": 10, "percent_covered": 100.0, "percent_covered_display": "100", "missing_lines": 0, "excluded_lines": 0}, "missing_lines": [], "excluded_lines": []}, "handle_greeting": {"executed_lines": [46, 47, 49, 51, 53, 54, 55, 56, 58, 66], "summary": {"covered_lines": 10, "num_statements": 10, "percent_covered": 100.0, "percent_covered_display": "100", "missing_lines": 0, "excluded_lines": 0}, "missing_lines": [], "excluded_lines": []}, "handle_capture_summary": {"executed_lines": [81, 82, 85, 86, 87, 90, 91, 94, 95, 103, 104, 105, 107, 108, 109, 110, 112], "summary": {"covered_lines": 17, "num_statements": 19, "percent_covered": 89.47368421052632, "percent_covered_display": "89", "missing_lines": 2, "excluded_lines": 0}, "missing_lines": [88, 92], "excluded_lines": []}, "handle_capture_occurred_at": {"executed_lines": [126, 127, 129, 130, 131, 134, 135, 136, 138, 140], "summary": {"covered_lines": 10, "num_statements": 10, "percent_covered": 100.0, "percent_covered_display": "100", "missing_lines": 0, "excluded_lines": 0}, "missing_lines": [], "excluded_lines": []}, "handle_capture_location": {"executed_lines": [154, 155, 157, 158, 159, 160, 161, 163, 165], "summary": {"covered_lines": 9, "num_statements": 9, "percent_covered": 100.0, "percent_covered_display": "100", "missing_lines": 0, "excluded_lines": 0}, "missing_lines": [], "excluded_lines": []}, "handle_capture_severity": {"executed_lines": [179, 180, 182, 183, 184, 187, 188, 189, 190, 191, 193, 195], "summary": {"covered_lines": 12, "num_statements": 12, "percent_covered": 100.0, "percent_covered_display": "100", "missing_lines": 0, "excluded_lines": 0}, "missing_lines": [], "excluded_lines": []}, "handle_capture_media": {"executed_lines": [209, 210, 212], "summary": {"covered_lines": 3, "num_statements": 3, "percent_covered": 100.0, "percent_covered_display": "100", "missing_lines": 0, "excluded_lines": 0}, "missing_lines": [], "excluded_lines": []}, "handle_capture_contact": {"executed_lines": [224, 225, 227, 228, 229, 231], "summary": {"covered_lines": 6, "num_statements": 6, "percent_covered": 100.0, "percent_covered_display": "100", "missing_lines": 0, "excluded_lines": 0}, "missing_lines": [], "excluded_lines": []}, "handle_confirm": {"executed_lines": [243, 244, 246], "summary": {"covered_lines": 3, "num_statements": 3, "percent_covered": 100.0, "percent_covered_display": "100", "missing_lines": 0, "excluded_lines": 0}, "missing_lines": [], "excluded_lines": []}, "handle_create_issue": {"executed_lines": [258, 259, 261], "summary": {"covered_lines": 3, "num_statements": 3, "percent_covered": 100.0, "percent_covered_display": "100", "missing_lines": 0, "excluded_lines": 0}, "missing_lines": [], "excluded_lines": []}, "handle_done": {"executed_lines": [273], "summary": {"covered_lines": 1, "num_statements": 1, "percent_covered": 100.0, "percent_covered_display": "100", "missing_lines": 0, "excluded_lines": 0}, "missing_lines": [], "excluded_lines": []}, "": {"executed_lines": [1, 11, 13, 15, 18, 39, 74, 120, 148, 173, 203, 220, 239, 254, 269, 277], "summary": {"covered_lines": 15, "num_statements": 15, "percent_covered": 100.0, "percent_covered_display": "100", "missing_lines": 0, "excluded_lines": 0}, "missing_lines": [], "excluded_lines": []}}, "classes": {"": {"executed_lines": [1, 11, 13, 15, 18, 25, 27, 28, 29, 30, 31, 32, 33, 34, 36, 39, 46, 47, 49, 51, 53, 54, 55, 56, 58, 66, 74, 81, 82, 85, 86, 87, 90, 91, 94, 95, 103, 104, 105, 107, 108, 109, 110, 112, 120, 126, 127, 129, 130, 131, 134, 135, 136, 138, 140, 148, 154, 155, 157, 158, 159, 160, 161, 163, 165, 173, 179, 180, 182, 183, 184, 187, 188, 189, 190, 191, 193, 195, 203, 209, 210, 212, 220, 224, 225, 227, 228, 229, 231, 239, 243, 244, 246, 254, 258, 259, 261, 269, 273, 277], "summary": {"covered_lines": 99, "num_statements": 101, "percent_covered": 98.01980198019803, "percent_covered_display": "98", "missing_lines": 2, "excluded_lines": 0}, "missing_lines": [88, 92], "excluded_lines": []}}}, "landlord/migrations/0001_initial.py": {"executed_lines": [1, 2, 3, 6, 8, 10, 14], "summary": {"covered_lines": 7, "num_statements": 7, "percent_covered": 100.0, "percent_covered_display": "100", "missing_lines": 0, "excluded_lines": 0}, "missing_lines": [], "excluded_lines": [], "functions": {"": {"executed_lines": [1, 2, 3, 6, 8, 10, 14], "summary": {"covered_lines": 7, "num_statements": 7, "percent_covered": 100.0, "percent_covered_display": "100", "missing_lines": 0, "excluded_lines": 0}, "missing_lines": [], "excluded_lines": []}}, "classes": {"Migration": {"executed_lines": [], "summary": {"covered_lines": 0, "num_statements": 0, "percent_covered": 100.0, "percent_covered_display": "100", "missing_lines": 0, "excluded_lines": 0}, "missing_lines": [], "excluded_lines": []}, "": {"executed_lines": [1, 2, 3, 6, 8, 10, 14], "summary": {"covered_lines": 7, "num_statements": 7, "percent_covered": 100.0, "percent_covered_display": "100", "missing_lines": 0, "excluded_lines": 0}, "missing_lines": [], "excluded_lines": []}}}, "landlord/migrations/0002_alter_issue_options_and_more.py": {"executed_lines": [1, 4, 6, 10], "summary": {"covered_lines": 4, "num_statements": 4, "percent_covered": 100.0, "percent_covered_display": "100", "missing_lines": 0, "excluded_lines": 0}, "missing_lines": [], "excluded_lines": [], "functions": {"": {"executed_lines": [1, 4, 6, 10], "summary": {"covered_lines": 4, "num_statements": 4, "percent_covered": 100.0, "percent_covered_display": "100", "missing_lines": 0, "excluded_lines": 0}, "missing_lines": [], "excluded_lines": []}}, "classes": {"Migration": {"executed_lines": [], "summary": {"covered_lines": 0, "num_statements": 0, "percent_covered": 100.0, "percent_covered_display": "100", "missing_lines": 0, "excluded_lines": 0}, "missing_lines": [], "excluded_lines": []}, "": {"executed_lines": [1, 4, 6, 10], "summary": {"covered_lines": 4, "num_statements": 4, "percent_covered": 100.0, "percent_covered_display": "100", "missing_lines": 0, "excluded_lines": 0}, "missing_lines": [], "excluded_lines": []}}}, "landlord/migrations/0002_tenantauthtoken.py": {"executed_lines": [4, 6, 7, 10, 11, 15], "summary": {"covered_lines": 6, "num_statements": 6, "percent_covered": 100.0, "percent_covered_display": "100", "missing_lines": 0, "excluded_lines": 0}, "missing_lines": [], "excluded_lines": [], "functions": {"": {"executed_lines": [4, 6, 7, 10, 11, 15], "summary": {"covered_lines": 6, "num_statements": 6, "percent_covered": 100.0, "percent_covered_display": "100", "missing_lines": 0, "excluded_lines": 0}, "missing_lines": [], "excluded_lines": []}}, "classes": {"Migration": {"executed_lines": [], "summary": {"covered_lines": 0, "num_statements": 0, "percent_covered": 100.0, "percent_covered_display": "100", "missing_lines": 0, "excluded_lines": 0}, "missing_lines": [], "excluded_lines": []}, "": {"executed_lines": [4, 6, 7, 10, 11, 15], "summary": {"covered_lines": 6, "num_statements": 6, "percent_covered": 100.0, "percent_covered_display": "100", "missing_lines": 0, "excluded_lines": 0}, "missing_lines": [], "excluded_lines": []}}}, "landlord/migrations/0003_recreate_chatsession_uuid.py": {"executed_lines": [1, 3, 4, 7, 9, 13], "summary": {"covered_lines": 6, "num_statements": 6, "percent_covered": 100.0, "percent_covered_display": "100", "missing_lines": 0, "excluded_lines": 0}, "missing_lines": [], "excluded_lines": [], "functions": {"": {"executed_lines": [1, 3, 4, 7, 9, 13], "summary": {"covered_lines": 6, "num_statements": 6, "percent_covered": 100.0, "percent_covered_display": "100", "missing_lines": 0, "excluded_lines": 0}, "missing_lines": [], "excluded_lines": []}}, "classes": {"Migration": {"executed_lines": [], "summary": {"covered_lines": 0, "num_statements": 0, "percent_covered": 100.0, "percent_covered_display": "100", "missing_lines": 0, "excluded_lines": 0}, "missing_lines": [], "excluded_lines": []}, "": {"executed_lines": [1, 3, 4, 7, 9, 13], "summary": {"covered_lines": 6, "num_statements": 6, "percent_covered": 100.0, "percent_covered_display": "100", "missing_lines": 0, "excluded_lines": 0}, "missing_lines": [], "excluded_lines": []}}}, "landlord/migrations/0004_idempotency_key.py": {"executed_lines": [1, 2, 5, 7, 11], "summary": {"covered_lines": 5, "num_statements": 5, "percent_covered": 100.0, "percent_covered_display": "100", "missing_lines": 0, "excluded_lines": 0}, "missing_lines": [], "excluded_lines": [], "functions": {"": {"executed_lines": [1, 2, 5, 7, 11], "summary": {"covered_lines": 5, "num_statements": 5, "percent_covered": 100.0, "percent_covered_display": "100", "missing_lines": 0, "excluded_lines": 0}, "missing_lines": [], "excluded_lines": []}}, "classes": {"Migration": {"executed_lines": [], "summary": {"covered_lines": 0, "num_statements": 0, "percent_covered": 100.0, "percent_covered_display": "100", "missing_lines": 0, "excluded_lines": 0}, "missing_lines": [], "excluded_lines": []}, "": {"executed_lines": [1, 2, 5, 7, 11], "summary": {"covered_lines": 5, "num_statements": 5, "percent_covered": 100.0, "percent_covered_display": "100", "missing_lines": 0, "excluded_lines": 0}, "missing_lines": [], "excluded_lines": []}}}, "landlord/migrations/0005_issue_ticket_sequence.py": {"executed_lines": [1, 4, 6, 10], "summary": {"covered_lines": 4, "num_statements": 4, "percent_covered": 100.0, "percent_covered_display": "100", "missing_lines": 0, "excluded_lines": 0}, "missing_lines": [], "excluded_lines": [], "functions": {"": {"executed_lines": [1, 4, 6, 10], "summary": {"covered_lines": 4, "num_statements": 4, "percent_covered": 100.0, "percent_covered_display": "100", "missing_lines": 0, "excluded_lines": 0}, "missing_lines": [], "excluded_lines": []}}, "classes": {"Migration": {"executed_lines": [], "summary": {"covered_lines": 0, "num_statements": 0, "percent_covered": 100.0, "percent_covered_display": "100", "missing_lines": 0, "excluded_lines": 0}, "missing_lines": [], "excluded_lines": []}, "": {"executed_lines": [1, 4, 6, 10], "summary": {"covered_lines": 4, "num_statements": 4, "percent_covered": 100.0, "percent_covered_display": "100", "missing_lines": 0, "excluded_lines": 0}, "missing_lines": [], "excluded_lines": []}}}, "landlord/migrations/0006_merge_conflict_fix.py": {"executed_lines": [1, 4, 6, 11], "summary": {"covered_lines": 4, "num_statements": 4, "percent_covered": 100.0, "percent_covered_display": "100", "missing_lines": 0, "excluded_lines": 0}, "missing_lines": [], "excluded_lines": [], "functions": {"": {"executed_lines": [1, 4, 6, 11], "summary": {"covered_lines": 4, "num_statements": 4, "percent_covered": 100.0, "percent_covered_display": "100", "missing_lines": 0, "excluded_lines": 0}, "missing_lines": [], "excluded_lines": []}}, "classes": {"Migration": {"executed_lines": [], "summary": {"covered_lines": 0, "num_statements": 0, "percent_covered": 100.0, "percent_covered_display": "100", "missing_lines": 0, "excluded_lines": 0}, "missing_lines": [], "excluded_lines": []}, "": {"executed_lines": [1, 4, 6, 11], "summary": {"covered_lines": 4, "num_statements": 4, "percent_covered": 100.0, "percent_covered_display": "100", "missing_lines": 0, "excluded_lines": 0}, "missing_lines": [], "excluded_lines": []}}}, "landlord/migrations/0007_fix_ticket_no_column.py": {"executed_lines": [1, 4, 6, 10], "summary": {"covered_lines": 4, "num_statements": 4, "percent_cover
[...]
: [86, 87, 88, 89, 90, 91, 92, 93], "excluded_lines": []}, "issue_add_note": {"executed_lines": [], "summary": {"covered_lines": 0, "num_statements": 11, "percent_covered": 0.0, "percent_covered_display": "0", "missing_lines": 11, "excluded_lines": 0}, "missing_lines": [99, 100, 101, 102, 103, 104, 105, 106, 107, 108, 109], "excluded_lines": []}, "issue_assign_vendor": {"executed_lines": [], "summary": {"covered_lines": 0, "num_statements": 21, "percent_covered": 0.0, "percent_covered_display": "0", "missing_lines": 21, "excluded_lines": 0}, "missing_lines": [115, 116, 117, 118, 119, 120, 121, 122, 123, 126, 127, 128, 129, 132, 133, 134, 135, 136, 137, 139, 140], "excluded_lines": []}, "issue_add_appointment": {"executed_lines": [], "summary": {"covered_lines": 0, "num_statements": 22, "percent_covered": 0.0, "percent_covered_display": "0", "missing_lines": 22, "excluded_lines": 0}, "missing_lines": [146, 147, 148, 149, 150, 151, 152, 153, 154, 155, 158, 159, 160, 161, 164, 165, 166, 167, 168, 169, 171, 172], "excluded_lines": []}, "appointment_delete": {"executed_lines": [], "summary": {"covered_lines": 0, "num_statements": 7, "percent_covered": 0.0, "percent_covered_display": "0", "missing_lines": 7, "excluded_lines": 0}, "missing_lines": [178, 179, 180, 181, 182, 183, 184], "excluded_lines": []}, "tenants_list": {"executed_lines": [], "summary": {"covered_lines": 0, "num_statements": 2, "percent_covered": 0.0, "percent_covered_display": "0", "missing_lines": 2, "excluded_lines": 0}, "missing_lines": [195, 198], "excluded_lines": []}, "tenant_create": {"executed_lines": [], "summary": {"covered_lines": 0, "num_statements": 15, "percent_covered": 0.0, "percent_covered_display": "0", "missing_lines": 15, "excluded_lines": 0}, "missing_lines": [206, 207, 208, 209, 210, 212, 213, 215, 217, 226, 227, 228, 230, 233, 234], "excluded_lines": []}, "tenant_edit": {"executed_lines": [], "summary": {"covered_lines": 0, "num_statements": 11, "percent_covered": 0.0, "percent_covered_display": "0", "missing_lines": 11, "excluded_lines": 0}, "missing_lines": [243, 245, 246, 247, 248, 249, 250, 251, 253, 256, 257], "excluded_lines": []}, "tenant_deactivate": {"executed_lines": [], "summary": {"covered_lines": 0, "num_statements": 7, "percent_covered": 0.0, "percent_covered_display": "0", "missing_lines": 7, "excluded_lines": 0}, "missing_lines": [267, 268, 270, 271, 272, 273, 275], "excluded_lines": []}, "tenant_delete": {"executed_lines": [], "summary": {"covered_lines": 0, "num_statements": 8, "percent_covered": 0.0, "percent_covered_display": "0", "missing_lines": 8, "excluded_lines": 0}, "missing_lines": [281, 282, 284, 287, 288, 289, 293, 294], "excluded_lines": []}, "": {"executed_lines": [1, 3, 4, 5, 6, 7, 8, 10, 19, 20, 23, 27, 28, 38, 39, 68, 69, 83, 84, 85, 96, 97, 98, 112, 113, 114, 143, 144, 145, 175, 176, 177, 192, 193, 203, 204, 240, 241, 264, 265, 278, 279], "summary": {"covered_lines": 42, "num_statements": 42, "percent_covered": 100.0, "percent_covered_display": "100", "missing_lines": 0, "excluded_lines": 0}, "missing_lines": [], "excluded_lines": []}}, "classes": {"": {"executed_lines": [1, 3, 4, 5, 6, 7, 8, 10, 19, 20, 23, 27, 28, 38, 39, 68, 69, 83, 84, 85, 96, 97, 98, 112, 113, 114, 143, 144, 145, 175, 176, 177, 192, 193, 203, 204, 240, 241, 264, 265, 278, 279], "summary": {"covered_lines": 42, "num_statements": 181, "percent_covered": 23.204419889502763, "percent_covered_display": "23", "missing_lines": 139, "excluded_lines": 0}, "missing_lines": [24, 29, 31, 32, 40, 41, 42, 43, 44, 45, 46, 47, 48, 49, 51, 52, 53, 55, 56, 57, 70, 71, 72, 73, 74, 75, 76, 86, 87, 88, 89, 90, 91, 92, 93, 99, 100, 101, 102, 103, 104, 105, 106, 107, 108, 109, 115, 116, 117, 118, 119, 120, 121, 122, 123, 126, 127, 128, 129, 132, 133, 134, 135, 136, 137, 139, 140, 146, 147, 148, 149, 150, 151, 152, 153, 154, 155, 158, 159, 160, 161, 164, 165, 166, 167, 168, 169, 171, 172, 178, 179, 180, 181, 182, 183, 184, 195, 198, 206, 207, 208, 209, 210, 212, 213, 215, 217, 226, 227, 228, 230, 233, 234, 243, 245, 246, 247, 248, 249, 250, 251, 253, 256, 257, 267, 268, 270, 271, 272, 273, 275, 281, 282, 284, 287, 288, 289, 293, 294], "excluded_lines": []}}}, "landlord/views_public.py": {"executed_lines": [1, 2, 3, 6], "summary": {"covered_lines": 4, "num_statements": 9, "percent_covered": 44.44444444444444, "percent_covered_display": "44", "missing_lines": 5, "excluded_lines": 0}, "missing_lines": [7, 8, 12, 13, 14], "excluded_lines": [], "functions": {"issue_status": {"executed_lines": [], "summary": {"covered_lines": 0, "num_statements": 5, "percent_covered": 0.0, "percent_covered_display": "0", "missing_lines": 5, "excluded_lines": 0}, "missing_lines": [7, 8, 12, 13, 14], "excluded_lines": []}, "": {"executed_lines": [1, 2, 3, 6], "summary": {"covered_lines": 4, "num_statements": 4, "percent_covered": 100.0, "percent_covered_display": "100", "missing_lines": 0, "excluded_lines": 0}, "missing_lines": [], "excluded_lines": []}}, "classes": {"": {"executed_lines": [1, 2, 3, 6], "summary": {"covered_lines": 4, "num_statements": 9, "percent_covered": 44.44444444444444, "percent_covered_display": "44", "missing_lines": 5, "excluded_lines": 0}, "missing_lines": [7, 8, 12, 13, 14], "excluded_lines": []}}}, "landlord/views_reports.py": {"executed_lines": [1, 4, 5, 7, 8, 9, 10, 11, 13, 16, 17, 84, 85], "summary": {"covered_lines": 12, "num_statements": 40, "percent_covered": 30.0, "percent_covered_display": "30", "missing_lines": 28, "excluded_lines": 0}, "missing_lines": [19, 20, 23, 28, 35, 40, 45, 50, 57, 58, 60, 81, 87, 88, 90, 91, 93, 94, 97, 100, 103, 108, 109, 112, 113, 116, 120, 122], "excluded_lines": [], "functions": {"reports_kpi": {"executed_lines": [], "summary": {"covered_lines": 0, "num_statements": 12, "percent_covered": 0.0, "percent_covered_display": "0", "missing_lines": 12, "excluded_lines": 0}, "missing_lines": [19, 20, 23, 28, 35, 40, 45, 50, 57, 58, 60, 81], "excluded_lines": []}, "export_kpi_csv": {"executed_lines": [], "summary": {"covered_lines": 0, "num_statements": 16, "percent_covered": 0.0, "percent_covered_display": "0", "missing_lines": 16, "excluded_lines": 0}, "missing_lines": [87, 88, 90, 91, 93, 94, 97, 100, 103, 108, 109, 112, 113, 116, 120, 122], "excluded_lines": []}, "": {"executed_lines": [1, 4, 5, 7, 8, 9, 10, 11, 13, 16, 17, 84, 85], "summary": {"covered_lines": 12, "num_statements": 12, "percent_covered": 100.0, "percent_covered_display": "100", "missing_lines": 0, "excluded_lines": 0}, "missing_lines": [], "excluded_lines": []}}, "classes": {"": {"executed_lines": [1, 4, 5, 7, 8, 9, 10, 11, 13, 16, 17, 84, 85], "summary": {"covered_lines": 12, "num_statements": 40, "percent_covered": 30.0, "percent_covered_display": "30", "missing_lines": 28, "excluded_lines": 0}, "missing_lines": [19, 20, 23, 28, 35, 40, 45, 50, 57, 58, 60, 81, 87, 88, 90, 91, 93, 94, 97, 100, 103, 108, 109, 112, 113, 116, 120, 122], "excluded_lines": []}}}, "landlord/views_tenant.py": {"executed_lines": [1, 4, 5, 6, 7, 8, 9, 11, 12, 16, 19, 21, 22, 24, 27, 29, 30, 31, 32, 33, 36, 41, 42, 44, 45, 50, 51, 52, 53, 56, 57, 58, 63, 66, 67, 71, 72, 75, 77, 79, 80, 81, 84, 85, 87, 88, 91, 93, 94, 96, 97, 102, 113, 115, 116, 120, 123, 124, 126, 127, 129, 137, 138, 139, 141, 142, 145, 146, 149, 150, 154, 160, 161, 164, 165, 166, 168, 169, 172, 173, 176, 177, 182, 183, 184, 187, 188, 189, 190, 193, 194, 198, 206, 207, 210, 212, 213, 214], "summary": {"covered_lines": 97, "num_statements": 126, "percent_covered": 76.98412698412699, "percent_covered_display": "77", "missing_lines": 29, "excluded_lines": 0}, "missing_lines": [23, 38, 46, 47, 59, 60, 68, 69, 95, 98, 99, 104, 105, 106, 107, 109, 110, 117, 118, 143, 147, 151, 152, 170, 174, 178, 179, 195, 196], "excluded_lines": [], "functions": {"_get_client_ip": {"executed_lines": [21, 22, 24], "summary": {"covered_lines": 3, "num_statements": 4, "percent_covered": 75.0, "percent_covered_display": "75", "missing_lines": 1, "excluded_lines": 0}, "missing_lines": [23], "excluded_lines": []}, "_check_rate_limit": {"executed_lines": [29, 30, 31, 32, 33], "summary": {"covered_lines": 5, "num_statements": 5, "percent_covered": 100.0, "percent_covered_display": "100", "missing_lines": 0, "excluded_lines": 0}, "missing_lines": [], "excluded_lines": []}, "login_page": {"executed_lines": [], "summary": {"covered_lines": 0, "num_statements": 1, "percent_covered": 0.0, "percent_covered_display": "0", "missing_lines": 1, "excluded_lines": 0}, "missing_lines": [38], "excluded_lines": []}, "request_magic_link": {"executed_lines": [44, 45, 50, 51, 52, 53, 56, 57, 58, 63, 66, 67, 71, 72], "summary": {"covered_lines": 14, "num_statements": 20, "percent_covered": 70.0, "percent_covered_display": "70", "missing_lines": 6, "excluded_lines": 0}, "missing_lines": [46, 47, 59, 60, 68, 69], "excluded_lines": []}, "verify_magic_link": {"executed_lines": [77, 79, 80, 81, 84, 85, 87, 88], "summary": {"covered_lines": 8, "num_statements": 8, "percent_covered": 100.0, "percent_covered_display": "100", "missing_lines": 0, "excluded_lines": 0}, "missing_lines": [], "excluded_lines": []}, "_require_tenant_login": {"executed_lines": [93, 94, 96, 97], "summary": {"covered_lines": 4, "num_statements": 7, "percent_covered": 57.142857142857146, "percent_covered_display": "57", "missing_lines": 3, "excluded_lines": 0}, "missing_lines": [95, 98, 99], "excluded_lines": []}, "my_issues": {"executed_lines": [], "summary": {"covered_lines": 0, "num_statements": 6, "percent_covered": 0.0, "percent_covered_display": "0", "missing_lines": 6, "excluded_lines": 0}, "missing_lines": [104, 105, 106, 107, 109, 110], "excluded_lines": []}, "issue_detail": {"executed_lines": [115, 116, 120, 123, 124, 126, 127, 129], "summary": {"covered_lines": 8, "num_statements": 10, "percent_covered": 80.0, "percent_covered_display": "80", "missing_lines": 2, "excluded_lines": 0}, "missing_lines": [117, 118], "excluded_lines": []}, "add_note": {"executed_lines": [141, 142, 145, 146, 149, 150, 154, 160, 161], "summary": {"covered_lines": 9, "num_statements": 13, "percent_covered": 69.23076923076923, "percent_covered_display": "69", "missing_lines": 4, "excluded_lines": 0}, "missing_lines": [143, 147, 151, 152], "excluded_lines": []}, "add_attachment": {"executed_lines": [168, 169, 172, 173, 176, 177, 182, 183, 184, 187, 188, 189, 190, 193, 194, 198, 206, 207], "summary": {"covered_lines": 18, "num_statements": 24, "percent_covered": 75.0, "percent_covered_display": "75", "missing_lines": 6, "excluded_lines": 0}, "missing_lines": [170, 174, 178, 179, 195, 196], "excluded_lines": []}, "logout": {"executed_lines": [212, 213, 214], "summary": {"covered_lines": 3, "num_statements": 3, "percent_covered": 100.0, "percent_covered_display": "100", "missing_lines": 0, "excluded_lines": 0}, "missing_lines": [], "excluded_lines": []}, "": {"executed_lines": [1, 4, 5, 6, 7, 8, 9, 11, 12, 16, 19, 27, 36, 41, 42, 75, 91, 102, 113, 137, 138, 139, 164, 165, 166, 210], "summary": {"covered_lines": 25, "num_statements": 25, "percent_covered": 100.0, "percent_covered_display": "100", "missing_lines": 0, "excluded_lines": 0}, "missing_lines": [], "excluded_lines": []}}, "classes": {"": {"executed_lines": [1, 4, 5, 6, 7, 8, 9, 11, 12, 16, 19, 21, 22, 24, 27, 29, 30, 31, 32, 33, 36, 41, 42, 44, 45, 50, 51, 52, 53, 56, 57, 58, 63, 66, 67, 71, 72, 75, 77, 79, 80, 81, 84, 85, 87, 88, 91, 93, 94, 96, 97, 102, 113, 115, 116, 120, 123, 124, 126, 127, 129, 137, 138, 139, 141, 142, 145, 146, 149, 150, 154, 160, 161, 164, 165, 166, 168, 169, 172, 173, 176, 177, 182, 183, 184, 187, 188, 189, 190, 193, 194, 198, 206, 207, 210, 212, 213, 214], "summary": {"covered_lines": 97, "num_statements": 126, "percent_covered": 76.98412698412699, "percent_covered_display": "77", "missing_lines": 29, "excluded_lines": 0}, "missing_lines": [23, 38, 46, 47, 59, 60, 68, 69, 95, 98, 99, 104, 105, 106, 107, 109, 110, 117, 118, 143, 147, 151, 152, 170, 174, 178, 179, 195, 196], "excluded_lines": []}}}, "landlord/views_utility.py": {"executed_lines": [1, 5, 6, 8, 9, 10, 11, 12, 14, 15, 16, 22, 23, 24, 42, 43, 44, 47, 48, 52, 53, 57, 58, 59, 60, 63, 64, 65, 70, 71, 72, 86, 88, 89, 91, 92, 93, 94, 97, 98, 99, 109, 110, 162, 163, 223, 224, 308, 309], "summary": {"covered_lines": 48, "num_statements": 141, "percent_covered": 34.04255319148936, "percent_covered_display": "34", "missing_lines": 93, "excluded_lines": 0}, "missing_lines": [66, 67, 100, 101, 114, 119, 120, 121, 124, 125, 126, 129, 130, 131, 134, 135, 136, 137, 138, 139, 142, 143, 145, 159, 167, 168, 169, 170, 171, 172, 173, 175, 176, 178, 188, 193, 194, 200, 202, 203, 204, 205, 206, 210, 215, 220, 228, 229, 230, 231, 234, 235, 236, 237, 238, 240, 242, 248, 256, 259, 260, 261, 262, 264, 285, 287, 288, 289, 292, 295, 296, 297, 299, 305, 313, 315, 318, 319, 320, 322, 323, 324, 325, 326, 328, 334, 343, 344, 346, 347, 360, 361, 374], "excluded_lines": [], "functions": {"api_get_default_meter": {"executed_lines": [42, 43, 44, 47, 48, 52, 53, 57, 58, 59, 60, 63, 64, 65], "summary": {"covered_lines": 14, "num_statements": 16, "percent_covered": 87.5, "percent_covered_display": "88", "missing_lines": 2, "excluded_lines": 0}, "missing_lines": [66, 67], "excluded_lines": []}, "api_get_last_reading": {"executed_lines": [86, 88, 89, 91, 92, 93, 94, 97, 98, 99], "summary": {"covered_lines": 10, "num_statements": 12, "percent_covered": 83.33333333333333, "percent_covered_display": "83", "missing_lines": 2, "excluded_lines": 0}, "missing_lines": [100, 101], "excluded_lines": []}, "utility_readings_list": {"executed_lines": [], "summary": {"covered_lines": 0, "num_statements": 20, "percent_covered": 0.0, "percent_covered_display": "0", "missing_lines": 20, "excluded_lines": 0}, "missing_lines": [114, 119, 120, 121, 124, 125, 126, 129, 130, 131, 134, 135, 136, 137, 138, 139, 142, 143, 145, 159], "excluded_lines": []}, "utility_reading_create": {"executed_lines": [], "summary": {"covered_lines": 0, "num_statements": 22, "percent_covered": 0.0, "percent_covered_display": "0", "missing_lines": 22, "excluded_lines": 0}, "missing_lines": [167, 168, 169, 170, 171, 172, 173, 175, 176, 178, 188, 193, 194, 200, 202, 203, 204, 205, 206, 210, 215, 220], "excluded_lines": []}, "utility_calculation_preview": {"executed_lines": [], "summary": {"covered_lines": 0, "num_statements": 28, "percent_covered": 0.0, "percent_covered_display": "0", "missing_lines": 28, "excluded_lines": 0}, "missing_lines": [228, 229, 230, 231, 234, 235, 236, 237, 238, 240, 242, 248, 256, 259, 260, 261, 262, 264, 285, 287, 288, 289, 292, 295, 296, 297, 299, 305], "excluded_lines": []}, "utility_billing_export": {"executed_lines": [], "summary": {"covered_lines": 0, "num_statements": 19, "percent_covered": 0.0, "percent_covered_display": "0", "missing_lines": 19, "excluded_lines": 0}, "missing_lines": [313, 315, 318, 319, 320, 322, 323, 324, 325, 326, 328, 334, 343, 344, 346, 347, 360, 361, 374], "excluded_lines": []}, "": {"executed_lines": [1, 5, 6, 8, 9, 10, 11, 12, 14, 15, 16, 22, 23, 24, 70, 71, 72, 109, 110, 162, 163, 223, 224, 308, 309], "summary": {"covered_lines": 24, "num_statements": 24, "percent_covered": 100.0, "percent_covered_display": "100", "missing_lines": 0, "excluded_lines": 0}, "missing_lines": [], "excluded_lines": []}}, "classes": {"": {"executed_lines": [1, 5, 6, 8, 9, 10, 11, 12, 14, 15, 16, 22, 23, 24, 42, 43, 44, 47, 48, 52, 53, 57, 58, 59, 60, 63, 64, 65, 70, 71, 72, 86, 88, 89, 91, 92, 93, 94, 97, 98, 99, 109, 110, 162, 163, 223, 224, 308, 309], "summary": {"covered_lines": 48, "num_statements": 141, "percent_covered": 34.04255319148936, "percent_covered_display": "34", "missing_lines": 93, "excluded_lines": 0}, "missing_lines": [66, 67, 100, 101, 114, 119, 120, 121, 124, 125, 126, 129, 130, 131, 134, 135, 136, 137, 138, 139, 142, 143, 145, 159, 167, 168, 169, 170, 171, 172, 173, 175, 176, 178, 188, 193, 194, 200, 202, 203, 204, 205, 206, 210, 215, 220, 228, 229, 230, 231, 234, 235, 236, 237, 238, 240, 242, 248, 256, 259, 260, 261, 262, 264, 285, 287, 288, 289, 292, 295, 296, 297, 299, 305, 313, 315, 318, 319, 320, 322, 323, 324, 325, 326, 328, 334, 343, 344, 346, 347, 360, 361, 374], "excluded_lines": []}}}, "landlord/views_vendor.py": {"executed_lines": [1, 4, 5, 6, 8, 9, 12, 14, 18, 21, 26, 42, 43, 62, 63, 87, 88, 89, 137, 138, 139], "summary": {"covered_lines": 20, "num_statements": 72, "percent_covered": 27.77777777777778, "percent_covered_display": "28", "missing_lines": 52, "excluded_lines": 0}, "missing_lines": [15, 16, 17, 23, 28, 30, 31, 32, 35, 36, 38, 39, 45, 46, 49, 55, 59, 65, 66, 68, 71, 75, 76, 77, 79, 84, 91, 93, 94, 95, 98, 99, 100, 101, 104, 105, 106, 108, 109, 110, 113, 114, 115, 118, 119, 120, 123, 133, 134, 141, 142, 143], "excluded_lines": [], "functions": {"vendor_auth_required": {"executed_lines": [14, 18], "summary": {"covered_lines": 2, "num_statements": 2, "percent_covered": 100.0, "percent_covered_display": "100", "missing_lines": 0, "excluded_lines": 0}, "missing_lines": [], "excluded_lines": []}, "vendor_auth_required.wrapper": {"executed_lines": [], "summary": {"covered_lines": 0, "num_statements": 3, "percent_covered": 0.0, "percent_covered_display": "0", "missing_lines": 3, "excluded_lines": 0}, "missing_lines": [15, 16, 17], "excluded_lines": []}, "vendor_login": {"executed_lines": [], "summary": {"covered_lines": 0, "num_statements": 1, "percent_covered": 0.0, "percent_covered_display": "0", "missing_lines": 1, "excluded_lines": 0}, "missing_lines": [23], "excluded_lines": []}, "vendor_magic_link": {"executed_lines": [], "summary": {"covered_lines": 0, "num_statements": 8, "percent_covered": 0.0, "percent_covered_display": "0", "missing_lines": 8, "excluded_lines": 0}, "missing_lines": [28, 30, 31, 32, 35, 36, 38, 39], "excluded_lines": []}, "vendor_issues": {"executed_lines": [], "summary": {"covered_lines": 0, "num_statements": 5, "percent_covered": 0.0, "percent_covered_display": "0", "missing_lines": 5, "excluded_lines": 0}, "missing_lines": [45, 46, 49, 55, 59], "excluded_lines": []}, "vendor_issue_detail": {"executed_lines": [], "summary": {"covered_lines": 0, "num_statements": 9, "percent_covered": 0.0, "percent_covered_display": "0", "missing_lines": 9, "excluded_lines": 0}, "missing_lines": [65, 66, 68, 71, 75, 76, 77, 79, 84], "excluded_lines": []}, "vendor_upload_file": {"executed_lines": [], "summary": {"covered_lines": 0, "num_statements": 23, "percent_covered": 0.0, "percent_covered_display": "0", "missing_lines": 23, "excluded_lines": 0}, "missing_lines": [91, 93, 94, 95, 98, 99, 100, 101, 104, 105, 106, 108, 109, 110, 113, 114, 115, 118, 119, 120, 123, 133, 134], "excluded_lines": []}, "vendor_logout": {"executed_lines": [], "summary": {"covered_lines": 0, "num_statements": 3, "percent_covered": 0.0, "percent_covered_display": "0", "missing_lines": 3, "excluded_lines": 0}, "missing_lines": [141, 142, 143], "excluded_lines": []}, "": {"executed_lines": [1, 4, 5, 6, 8, 9, 12, 21, 26, 42, 43, 62, 63, 87, 88, 89, 137, 138, 139], "summary": {"covered_lines": 18, "num_statements": 18, "percent_covered": 100.0, "percent_covered_display": "100", "missing_lines": 0, "excluded_lines": 0}, "missing_lines": [], "excluded_lines": []}}, "classes": {"": {"executed_lines": [1, 4, 5, 6, 8, 9, 12, 14, 18, 21, 26, 42, 43, 62, 63, 87, 88, 89, 137, 138, 139], "summary": {"covered_lines": 20, "num_statements": 72, "percent_covered": 27.77777777777778, "percent_covered_display": "28", "missing_lines": 52, "excluded_lines": 0}, "missing_lines": [15, 16, 17, 23, 28, 30, 31, 32, 35, 36, 38, 39, 45, 46, 49, 55, 59, 65, 66, 68, 71, 75, 76, 77, 79, 84, 91, 93, 94, 95, 98, 99, 100, 101, 104, 105, 106, 108, 109, 110, 113, 114, 115, 118, 119, 120, 123, 133, 134, 141, 142, 143], "excluded_lines": []}}}}, "totals": {"covered_lines": 5292, "num_statements": 6610, "percent_covered": 80.06051437216338, "percent_covered_display": "80", "missing_lines": 1318, "excluded_lines": 22}}